The system is: Linux - 6.2.0-37-generic - x86_64
Compiling the CXX compiler identification source file "CMakeCXXCompilerId.cpp" succeeded.
Compiler: /usr/bin/c++ 
Build flags: 
Id flags:  

The output was:
0


Compilation of the CXX compiler identification source "CMakeCXXCompilerId.cpp" produced "a.out"

The CXX compiler identification is GNU, found in "/home/it/Desktop/data_channel/libdatachannel/CMakeFiles/3.22.1/CompilerIdCXX/a.out"

Detecting CXX compiler ABI info compiled with the following output:
Change Dir: /home/it/Desktop/data_channel/libdatachannel/CMakeFiles/CMakeTmp

Run Build Command(s):/usr/bin/gmake -f Makefile cmTC_4b967/fast && /usr/bin/gmake  -f CMakeFiles/cmTC_4b967.dir/build.make CMakeFiles/cmTC_4b967.dir/build
gmake[1]: Entering directory '/home/it/Desktop/data_channel/libdatachannel/CMakeFiles/CMakeTmp'
Building CXX object CMakeFiles/cmTC_4b967.dir/CMakeCXXCompilerABI.cpp.o
/usr/bin/c++   -v -o CMakeFiles/cmTC_4b967.dir/CMakeCXXCompilerABI.cpp.o -c /usr/share/cmake-3.22/Modules/CMakeCXXCompilerABI.cpp
Using built-in specs.
COLLECT_GCC=/usr/bin/c++
OFFLOAD_TARGET_NAMES=nvptx-none:amdgcn-amdhsa
OFFLOAD_TARGET_DEFAULT=1
Target: x86_64-linux-gnu
Configured with: ../src/configure -v --with-pkgversion='Ubuntu 11.4.0-1ubuntu1~22.04' --with-bugurl=file:///usr/share/doc/gcc-11/README.Bugs --enable-languages=c,ada,c++,go,brig,d,fortran,objc,obj-c++,m2 --prefix=/usr --with-gcc-major-version-only --program-suffix=-11 --program-prefix=x86_64-linux-gnu- --enable-shared --enable-linker-build-id --libexecdir=/usr/lib --without-included-gettext --enable-threads=posix --libdir=/usr/lib --enable-nls --enable-bootstrap --enable-clocale=gnu --enable-libstdcxx-debug --enable-libstdcxx-time=yes --with-default-libstdcxx-abi=new --enable-gnu-unique-object --disable-vtable-verify --enable-plugin --enable-default-pie --with-system-zlib --enable-libphobos-checking=release --with-target-system-zlib=auto --enable-objc-gc=auto --enable-multiarch --disable-werror --enable-cet --with-arch-32=i686 --with-abi=m64 --with-multilib-list=m32,m64,mx32 --enable-multilib --with-tune=generic --enable-offload-targets=nvptx-none=/build/gcc-11-XeT9lY/gcc-11-11.4.0/debian/tmp-nvptx/usr,amdgcn-amdhsa=/build/gcc-11-XeT9lY/gcc-11-11.4.0/debian/tmp-gcn/usr --without-cuda-driver --enable-checking=release --build=x86_64-linux-gnu --host=x86_64-linux-gnu --target=x86_64-linux-gnu --with-build-config=bootstrap-lto-lean --enable-link-serialization=2
Thread model: posix
Supported LTO compression algorithms: zlib zstd
gcc version 11.4.0 (Ubuntu 11.4.0-1ubuntu1~22.04) 
COLLECT_GCC_OPTIONS='-v' '-o' 'CMakeFiles/cmTC_4b967.dir/CMakeCXXCompilerABI.cpp.o' '-c' '-shared-libgcc' '-mtune=generic' '-march=x86-64' '-dumpdir' 'CMakeFiles/cmTC_4b967.dir/'
 /usr/lib/gcc/x86_64-linux-gnu/11/cc1plus -quiet -v -imultiarch x86_64-linux-gnu -D_GNU_SOURCE /usr/share/cmake-3.22/Modules/CMakeCXXCompilerABI.cpp -quiet -dumpdir CMakeFiles/cmTC_4b967.dir/ -dumpbase CMakeCXXCompilerABI.cpp.cpp -dumpbase-ext .cpp -mtune=generic -march=x86-64 -version -fasynchronous-unwind-tables -fstack-protector-strong -Wformat -Wformat-security -fstack-clash-protection -fcf-protection -o /tmp/cciVpUcU.s
GNU C++17 (Ubuntu 11.4.0-1ubuntu1~22.04) version 11.4.0 (x86_64-linux-gnu)
	compiled by GNU C version 11.4.0, GMP version 6.2.1, MPFR version 4.1.0, MPC version 1.2.1, isl version isl-0.24-GMP

GGC heuristics: --param ggc-min-expand=100 --param ggc-min-heapsize=131072
ignoring duplicate directory "/usr/include/x86_64-linux-gnu/c++/11"
ignoring nonexistent directory "/usr/local/include/x86_64-linux-gnu"
ignoring nonexistent directory "/usr/lib/gcc/x86_64-linux-gnu/11/include-fixed"
ignoring nonexistent directory "/usr/lib/gcc/x86_64-linux-gnu/11/../../../../x86_64-linux-gnu/include"
#include "..." search starts here:
#include <...> search starts here:
 /usr/include/c++/11
 /usr/include/x86_64-linux-gnu/c++/11
 /usr/include/c++/11/backward
 /usr/lib/gcc/x86_64-linux-gnu/11/include
 /usr/local/include
 /usr/include/x86_64-linux-gnu
 /usr/include
End of search list.
GNU C++17 (Ubuntu 11.4.0-1ubuntu1~22.04) version 11.4.0 (x86_64-linux-gnu)
	compiled by GNU C version 11.4.0, GMP version 6.2.1, MPFR version 4.1.0, MPC version 1.2.1, isl version isl-0.24-GMP

GGC heuristics: --param ggc-min-expand=100 --param ggc-min-heapsize=131072
Compiler executable checksum: d591828bb4d392ae8b7b160e5bb0b95f
COLLECT_GCC_OPTIONS='-v' '-o' 'CMakeFiles/cmTC_4b967.dir/CMakeCXXCompilerABI.cpp.o' '-c' '-shared-libgcc' '-mtune=generic' '-march=x86-64' '-dumpdir' 'CMakeFiles/cmTC_4b967.dir/'
 as -v --64 -o CMakeFiles/cmTC_4b967.dir/CMakeCXXCompilerABI.cpp.o /tmp/cciVpUcU.s
GNU assembler version 2.38 (x86_64-linux-gnu) using BFD version (GNU Binutils for Ubuntu) 2.38
COMPILER_PATH=/usr/lib/gcc/x86_64-linux-gnu/11/:/usr/lib/gcc/x86_64-linux-gnu/11/:/usr/lib/gcc/x86_64-linux-gnu/:/usr/lib/gcc/x86_64-linux-gnu/11/:/usr/lib/gcc/x86_64-linux-gnu/
LIBRARY_PATH=/usr/lib/gcc/x86_64-linux-gnu/11/:/usr/lib/gcc/x86_64-linux-gnu/11/../../../x86_64-linux-gnu/:/usr/lib/gcc/x86_64-linux-gnu/11/../../../../lib/:/lib/x86_64-linux-gnu/:/lib/../lib/:/usr/lib/x86_64-linux-gnu/:/usr/lib/../lib/:/usr/lib/gcc/x86_64-linux-gnu/11/../../../:/lib/:/usr/lib/
COLLECT_GCC_OPTIONS='-v' '-o' 'CMakeFiles/cmTC_4b967.dir/CMakeCXXCompilerABI.cpp.o' '-c' '-shared-libgcc' '-mtune=generic' '-march=x86-64' '-dumpdir' 'CMakeFiles/cmTC_4b967.dir/CMakeCXXCompilerABI.cpp.'
Linking CXX executable cmTC_4b967
/usr/bin/cmake -E cmake_link_script CMakeFiles/cmTC_4b967.dir/link.txt --verbose=1
/usr/bin/c++  -v CMakeFiles/cmTC_4b967.dir/CMakeCXXCompilerABI.cpp.o -o cmTC_4b967 
Using built-in specs.
COLLECT_GCC=/usr/bin/c++
COLLECT_LTO_WRAPPER=/usr/lib/gcc/x86_64-linux-gnu/11/lto-wrapper
OFFLOAD_TARGET_NAMES=nvptx-none:amdgcn-amdhsa
OFFLOAD_TARGET_DEFAULT=1
Target: x86_64-linux-gnu
Configured with: ../src/configure -v --with-pkgversion='Ubuntu 11.4.0-1ubuntu1~22.04' --with-bugurl=file:///usr/share/doc/gcc-11/README.Bugs --enable-languages=c,ada,c++,go,brig,d,fortran,objc,obj-c++,m2 --prefix=/usr --with-gcc-major-version-only --program-suffix=-11 --program-prefix=x86_64-linux-gnu- --enable-shared --enable-linker-build-id --libexecdir=/usr/lib --without-included-gettext --enable-threads=posix --libdir=/usr/lib --enable-nls --enable-bootstrap --enable-clocale=gnu --enable-libstdcxx-debug --enable-libstdcxx-time=yes --with-default-libstdcxx-abi=new --enable-gnu-unique-object --disable-vtable-verify --enable-plugin --enable-default-pie --with-system-zlib --enable-libphobos-checking=release --with-target-system-zlib=auto --enable-objc-gc=auto --enable-multiarch --disable-werror --enable-cet --with-arch-32=i686 --with-abi=m64 --with-multilib-list=m32,m64,mx32 --enable-multilib --with-tune=generic --enable-offload-targets=nvptx-none=/build/gcc-11-XeT9lY/gcc-11-11.4.0/debian/tmp-nvptx/usr,amdgcn-amdhsa=/build/gcc-11-XeT9lY/gcc-11-11.4.0/debian/tmp-gcn/usr --without-cuda-driver --enable-checking=release --build=x86_64-linux-gnu --host=x86_64-linux-gnu --target=x86_64-linux-gnu --with-build-config=bootstrap-lto-lean --enable-link-serialization=2
Thread model: posix
Supported LTO compression algorithms: zlib zstd
gcc version 11.4.0 (Ubuntu 11.4.0-1ubuntu1~22.04) 
COMPILER_PATH=/usr/lib/gcc/x86_64-linux-gnu/11/:/usr/lib/gcc/x86_64-linux-gnu/11/:/usr/lib/gcc/x86_64-linux-gnu/:/usr/lib/gcc/x86_64-linux-gnu/11/:/usr/lib/gcc/x86_64-linux-gnu/
LIBRARY_PATH=/usr/lib/gcc/x86_64-linux-gnu/11/:/usr/lib/gcc/x86_64-linux-gnu/11/../../../x86_64-linux-gnu/:/usr/lib/gcc/x86_64-linux-gnu/11/../../../../lib/:/lib/x86_64-linux-gnu/:/lib/../lib/:/usr/lib/x86_64-linux-gnu/:/usr/lib/../lib/:/usr/lib/gcc/x86_64-linux-gnu/11/../../../:/lib/:/usr/lib/
COLLECT_GCC_OPTIONS='-v' '-o' 'cmTC_4b967' '-shared-libgcc' '-mtune=generic' '-march=x86-64' '-dumpdir' 'cmTC_4b967.'
 /usr/lib/gcc/x86_64-linux-gnu/11/collect2 -plugin /usr/lib/gcc/x86_64-linux-gnu/11/liblto_plugin.so -plugin-opt=/usr/lib/gcc/x86_64-linux-gnu/11/lto-wrapper -plugin-opt=-fresolution=/tmp/ccEfxzY4.res -plugin-opt=-pass-through=-lgcc_s -plugin-opt=-pass-through=-lgcc -plugin-opt=-pass-through=-lc -plugin-opt=-pass-through=-lgcc_s -plugin-opt=-pass-through=-lgcc --build-id --eh-frame-hdr -m elf_x86_64 --hash-style=gnu --as-needed -dynamic-linker /lib64/ld-linux-x86-64.so.2 -pie -z now -z relro -o cmTC_4b967 /usr/lib/gcc/x86_64-linux-gnu/11/../../../x86_64-linux-gnu/Scrt1.o /usr/lib/gcc/x86_64-linux-gnu/11/../../../x86_64-linux-gnu/crti.o /usr/lib/gcc/x86_64-linux-gnu/11/crtbeginS.o -L/usr/lib/gcc/x86_64-linux-gnu/11 -L/usr/lib/gcc/x86_64-linux-gnu/11/../../../x86_64-linux-gnu -L/usr/lib/gcc/x86_64-linux-gnu/11/../../../../lib -L/lib/x86_64-linux-gnu -L/lib/../lib -L/usr/lib/x86_64-linux-gnu -L/usr/lib/../lib -L/usr/lib/gcc/x86_64-linux-gnu/11/../../.. CMakeFiles/cmTC_4b967.dir/CMakeCXXCompilerABI.cpp.o -lstdc++ -lm -lgcc_s -lgcc -lc -lgcc_s -lgcc /usr/lib/gcc/x86_64-linux-gnu/11/crtendS.o /usr/lib/gcc/x86_64-linux-gnu/11/../../../x86_64-linux-gnu/crtn.o
COLLECT_GCC_OPTIONS='-v' '-o' 'cmTC_4b967' '-shared-libgcc' '-mtune=generic' '-march=x86-64' '-dumpdir' 'cmTC_4b967.'
gmake[1]: Leaving directory '/home/it/Desktop/data_channel/libdatachannel/CMakeFiles/CMakeTmp'



Parsed CXX implicit include dir info from above output: rv=done
  found start of include info
  found start of implicit include info
    add: [/usr/include/c++/11]
    add: [/usr/include/x86_64-linux-gnu/c++/11]
    add: [/usr/include/c++/11/backward]
    add: [/usr/lib/gcc/x86_64-linux-gnu/11/include]
    add: [/usr/local/include]
    add: [/usr/include/x86_64-linux-gnu]
    add: [/usr/include]
  end of search list found
  collapse include dir [/usr/include/c++/11] ==> [/usr/include/c++/11]
  collapse include dir [/usr/include/x86_64-linux-gnu/c++/11] ==> [/usr/include/x86_64-linux-gnu/c++/11]
  collapse include dir [/usr/include/c++/11/backward] ==> [/usr/include/c++/11/backward]
  collapse include dir [/usr/lib/gcc/x86_64-linux-gnu/11/include] ==> [/usr/lib/gcc/x86_64-linux-gnu/11/include]
  collapse include dir [/usr/local/include] ==> [/usr/local/include]
  collapse include dir [/usr/include/x86_64-linux-gnu] ==> [/usr/include/x86_64-linux-gnu]
  collapse include dir [/usr/include] ==> [/usr/include]
  implicit include dirs: [/usr/include/c++/11;/usr/include/x86_64-linux-gnu/c++/11;/usr/include/c++/11/backward;/usr/lib/gcc/x86_64-linux-gnu/11/include;/usr/local/include;/usr/include/x86_64-linux-gnu;/usr/include]


Parsed CXX implicit link information from above output:
  link line regex: [^( *|.*[/\])(ld|CMAKE_LINK_STARTFILE-NOTFOUND|([^/\]+-)?ld|collect2)[^/\]*( |$)]
  ignore line: [Change Dir: /home/it/Desktop/data_channel/libdatachannel/CMakeFiles/CMakeTmp]
  ignore line: []
  ignore line: [Run Build Command(s):/usr/bin/gmake -f Makefile cmTC_4b967/fast && /usr/bin/gmake  -f CMakeFiles/cmTC_4b967.dir/build.make CMakeFiles/cmTC_4b967.dir/build]
  ignore line: [gmake[1]: Entering directory '/home/it/Desktop/data_channel/libdatachannel/CMakeFiles/CMakeTmp']
  ignore line: [Building CXX object CMakeFiles/cmTC_4b967.dir/CMakeCXXCompilerABI.cpp.o]
  ignore line: [/usr/bin/c++   -v -o CMakeFiles/cmTC_4b967.dir/CMakeCXXCompilerABI.cpp.o -c /usr/share/cmake-3.22/Modules/CMakeCXXCompilerABI.cpp]
  ignore line: [Using built-in specs.]
  ignore line: [COLLECT_GCC=/usr/bin/c++]
  ignore line: [OFFLOAD_TARGET_NAMES=nvptx-none:amdgcn-amdhsa]
  ignore line: [OFFLOAD_TARGET_DEFAULT=1]
  ignore line: [Target: x86_64-linux-gnu]
  ignore line: [Configured with: ../src/configure -v --with-pkgversion='Ubuntu 11.4.0-1ubuntu1~22.04' --with-bugurl=file:///usr/share/doc/gcc-11/README.Bugs --enable-languages=c ada c++ go brig d fortran objc obj-c++ m2 --prefix=/usr --with-gcc-major-version-only --program-suffix=-11 --program-prefix=x86_64-linux-gnu- --enable-shared --enable-linker-build-id --libexecdir=/usr/lib --without-included-gettext --enable-threads=posix --libdir=/usr/lib --enable-nls --enable-bootstrap --enable-clocale=gnu --enable-libstdcxx-debug --enable-libstdcxx-time=yes --with-default-libstdcxx-abi=new --enable-gnu-unique-object --disable-vtable-verify --enable-plugin --enable-default-pie --with-system-zlib --enable-libphobos-checking=release --with-target-system-zlib=auto --enable-objc-gc=auto --enable-multiarch --disable-werror --enable-cet --with-arch-32=i686 --with-abi=m64 --with-multilib-list=m32 m64 mx32 --enable-multilib --with-tune=generic --enable-offload-targets=nvptx-none=/build/gcc-11-XeT9lY/gcc-11-11.4.0/debian/tmp-nvptx/usr amdgcn-amdhsa=/build/gcc-11-XeT9lY/gcc-11-11.4.0/debian/tmp-gcn/usr --without-cuda-driver --enable-checking=release --build=x86_64-linux-gnu --host=x86_64-linux-gnu --target=x86_64-linux-gnu --with-build-config=bootstrap-lto-lean --enable-link-serialization=2]
  ignore line: [Thread model: posix]
  ignore line: [Supported LTO compression algorithms: zlib zstd]
  ignore line: [gcc version 11.4.0 (Ubuntu 11.4.0-1ubuntu1~22.04) ]
  ignore line: [COLLECT_GCC_OPTIONS='-v' '-o' 'CMakeFiles/cmTC_4b967.dir/CMakeCXXCompilerABI.cpp.o' '-c' '-shared-libgcc' '-mtune=generic' '-march=x86-64' '-dumpdir' 'CMakeFiles/cmTC_4b967.dir/']
  ignore line: [ /usr/lib/gcc/x86_64-linux-gnu/11/cc1plus -quiet -v -imultiarch x86_64-linux-gnu -D_GNU_SOURCE /usr/share/cmake-3.22/Modules/CMakeCXXCompilerABI.cpp -quiet -dumpdir CMakeFiles/cmTC_4b967.dir/ -dumpbase CMakeCXXCompilerABI.cpp.cpp -dumpbase-ext .cpp -mtune=generic -march=x86-64 -version -fasynchronous-unwind-tables -fstack-protector-strong -Wformat -Wformat-security -fstack-clash-protection -fcf-protection -o /tmp/cciVpUcU.s]
  ignore line: [GNU C++17 (Ubuntu 11.4.0-1ubuntu1~22.04) version 11.4.0 (x86_64-linux-gnu)]
  ignore line: [	compiled by GNU C version 11.4.0  GMP version 6.2.1  MPFR version 4.1.0  MPC version 1.2.1  isl version isl-0.24-GMP]
  ignore line: []
  ignore line: [GGC heuristics: --param ggc-min-expand=100 --param ggc-min-heapsize=131072]
  ignore line: [ignoring duplicate directory "/usr/include/x86_64-linux-gnu/c++/11"]
  ignore line: [ignoring nonexistent directory "/usr/local/include/x86_64-linux-gnu"]
  ignore line: [ignoring nonexistent directory "/usr/lib/gcc/x86_64-linux-gnu/11/include-fixed"]
  ignore line: [ignoring nonexistent directory "/usr/lib/gcc/x86_64-linux-gnu/11/../../../../x86_64-linux-gnu/include"]
  ignore line: [#include "..." search starts here:]
  ignore line: [#include <...> search starts here:]
  ignore line: [ /usr/include/c++/11]
  ignore line: [ /usr/include/x86_64-linux-gnu/c++/11]
  ignore line: [ /usr/include/c++/11/backward]
  ignore line: [ /usr/lib/gcc/x86_64-linux-gnu/11/include]
  ignore line: [ /usr/local/include]
  ignore line: [ /usr/include/x86_64-linux-gnu]
  ignore line: [ /usr/include]
  ignore line: [End of search list.]
  ignore line: [GNU C++17 (Ubuntu 11.4.0-1ubuntu1~22.04) version 11.4.0 (x86_64-linux-gnu)]
  ignore line: [	compiled by GNU C version 11.4.0  GMP version 6.2.1  MPFR version 4.1.0  MPC version 1.2.1  isl version isl-0.24-GMP]
  ignore line: []
  ignore line: [GGC heuristics: --param ggc-min-expand=100 --param ggc-min-heapsize=131072]
  ignore line: [Compiler executable checksum: d591828bb4d392ae8b7b160e5bb0b95f]
  ignore line: [COLLECT_GCC_OPTIONS='-v' '-o' 'CMakeFiles/cmTC_4b967.dir/CMakeCXXCompilerABI.cpp.o' '-c' '-shared-libgcc' '-mtune=generic' '-march=x86-64' '-dumpdir' 'CMakeFiles/cmTC_4b967.dir/']
  ignore line: [ as -v --64 -o CMakeFiles/cmTC_4b967.dir/CMakeCXXCompilerABI.cpp.o /tmp/cciVpUcU.s]
  ignore line: [GNU assembler version 2.38 (x86_64-linux-gnu) using BFD version (GNU Binutils for Ubuntu) 2.38]
  ignore line: [COMPILER_PATH=/usr/lib/gcc/x86_64-linux-gnu/11/:/usr/lib/gcc/x86_64-linux-gnu/11/:/usr/lib/gcc/x86_64-linux-gnu/:/usr/lib/gcc/x86_64-linux-gnu/11/:/usr/lib/gcc/x86_64-linux-gnu/]
  ignore line: [LIBRARY_PATH=/usr/lib/gcc/x86_64-linux-gnu/11/:/usr/lib/gcc/x86_64-linux-gnu/11/../../../x86_64-linux-gnu/:/usr/lib/gcc/x86_64-linux-gnu/11/../../../../lib/:/lib/x86_64-linux-gnu/:/lib/../lib/:/usr/lib/x86_64-linux-gnu/:/usr/lib/../lib/:/usr/lib/gcc/x86_64-linux-gnu/11/../../../:/lib/:/usr/lib/]
  ignore line: [COLLECT_GCC_OPTIONS='-v' '-o' 'CMakeFiles/cmTC_4b967.dir/CMakeCXXCompilerABI.cpp.o' '-c' '-shared-libgcc' '-mtune=generic' '-march=x86-64' '-dumpdir' 'CMakeFiles/cmTC_4b967.dir/CMakeCXXCompilerABI.cpp.']
  ignore line: [Linking CXX executable cmTC_4b967]
  ignore line: [/usr/bin/cmake -E cmake_link_script CMakeFiles/cmTC_4b967.dir/link.txt --verbose=1]
  ignore line: [/usr/bin/c++  -v CMakeFiles/cmTC_4b967.dir/CMakeCXXCompilerABI.cpp.o -o cmTC_4b967 ]
  ignore line: [Using built-in specs.]
  ignore line: [COLLECT_GCC=/usr/bin/c++]
  ignore line: [COLLECT_LTO_WRAPPER=/usr/lib/gcc/x86_64-linux-gnu/11/lto-wrapper]
  ignore line: [OFFLOAD_TARGET_NAMES=nvptx-none:amdgcn-amdhsa]
  ignore line: [OFFLOAD_TARGET_DEFAULT=1]
  ignore line: [Target: x86_64-linux-gnu]
  ignore line: [Configured with: ../src/configure -v --with-pkgversion='Ubuntu 11.4.0-1ubuntu1~22.04' --with-bugurl=file:///usr/share/doc/gcc-11/README.Bugs --enable-languages=c ada c++ go brig d fortran objc obj-c++ m2 --prefix=/usr --with-gcc-major-version-only --program-suffix=-11 --program-prefix=x86_64-linux-gnu- --enable-shared --enable-linker-build-id --libexecdir=/usr/lib --without-included-gettext --enable-threads=posix --libdir=/usr/lib --enable-nls --enable-bootstrap --enable-clocale=gnu --enable-libstdcxx-debug --enable-libstdcxx-time=yes --with-default-libstdcxx-abi=new --enable-gnu-unique-object --disable-vtable-verify --enable-plugin --enable-default-pie --with-system-zlib --enable-libphobos-checking=release --with-target-system-zlib=auto --enable-objc-gc=auto --enable-multiarch --disable-werror --enable-cet --with-arch-32=i686 --with-abi=m64 --with-multilib-list=m32 m64 mx32 --enable-multilib --with-tune=generic --enable-offload-targets=nvptx-none=/build/gcc-11-XeT9lY/gcc-11-11.4.0/debian/tmp-nvptx/usr amdgcn-amdhsa=/build/gcc-11-XeT9lY/gcc-11-11.4.0/debian/tmp-gcn/usr --without-cuda-driver --enable-checking=release --build=x86_64-linux-gnu --host=x86_64-linux-gnu --target=x86_64-linux-gnu --with-build-config=bootstrap-lto-lean --enable-link-serialization=2]
  ignore line: [Thread model: posix]
  ignore line: [Supported LTO compression algorithms: zlib zstd]
  ignore line: [gcc version 11.4.0 (Ubuntu 11.4.0-1ubuntu1~22.04) ]
  ignore line: [COMPILER_PATH=/usr/lib/gcc/x86_64-linux-gnu/11/:/usr/lib/gcc/x86_64-linux-gnu/11/:/usr/lib/gcc/x86_64-linux-gnu/:/usr/lib/gcc/x86_64-linux-gnu/11/:/usr/lib/gcc/x86_64-linux-gnu/]
  ignore line: [LIBRARY_PATH=/usr/lib/gcc/x86_64-linux-gnu/11/:/usr/lib/gcc/x86_64-linux-gnu/11/../../../x86_64-linux-gnu/:/usr/lib/gcc/x86_64-linux-gnu/11/../../../../lib/:/lib/x86_64-linux-gnu/:/lib/../lib/:/usr/lib/x86_64-linux-gnu/:/usr/lib/../lib/:/usr/lib/gcc/x86_64-linux-gnu/11/../../../:/lib/:/usr/lib/]
  ignore line: [COLLECT_GCC_OPTIONS='-v' '-o' 'cmTC_4b967' '-shared-libgcc' '-mtune=generic' '-march=x86-64' '-dumpdir' 'cmTC_4b967.']
  link line: [ /usr/lib/gcc/x86_64-linux-gnu/11/collect2 -plugin /usr/lib/gcc/x86_64-linux-gnu/11/liblto_plugin.so -plugin-opt=/usr/lib/gcc/x86_64-linux-gnu/11/lto-wrapper -plugin-opt=-fresolution=/tmp/ccEfxzY4.res -plugin-opt=-pass-through=-lgcc_s -plugin-opt=-pass-through=-lgcc -plugin-opt=-pass-through=-lc -plugin-opt=-pass-through=-lgcc_s -plugin-opt=-pass-through=-lgcc --build-id --eh-frame-hdr -m elf_x86_64 --hash-style=gnu --as-needed -dynamic-linker /lib64/ld-linux-x86-64.so.2 -pie -z now -z relro -o cmTC_4b967 /usr/lib/gcc/x86_64-linux-gnu/11/../../../x86_64-linux-gnu/Scrt1.o /usr/lib/gcc/x86_64-linux-gnu/11/../../../x86_64-linux-gnu/crti.o /usr/lib/gcc/x86_64-linux-gnu/11/crtbeginS.o -L/usr/lib/gcc/x86_64-linux-gnu/11 -L/usr/lib/gcc/x86_64-linux-gnu/11/../../../x86_64-linux-gnu -L/usr/lib/gcc/x86_64-linux-gnu/11/../../../../lib -L/lib/x86_64-linux-gnu -L/lib/../lib -L/usr/lib/x86_64-linux-gnu -L/usr/lib/../lib -L/usr/lib/gcc/x86_64-linux-gnu/11/../../.. CMakeFiles/cmTC_4b967.dir/CMakeCXXCompilerABI.cpp.o -lstdc++ -lm -lgcc_s -lgcc -lc -lgcc_s -lgcc /usr/lib/gcc/x86_64-linux-gnu/11/crtendS.o /usr/lib/gcc/x86_64-linux-gnu/11/../../../x86_64-linux-gnu/crtn.o]
    arg [/usr/lib/gcc/x86_64-linux-gnu/11/collect2] ==> ignore
    arg [-plugin] ==> ignore
    arg [/usr/lib/gcc/x86_64-linux-gnu/11/liblto_plugin.so] ==> ignore
    arg [-plugin-opt=/usr/lib/gcc/x86_64-linux-gnu/11/lto-wrapper] ==> ignore
    arg [-plugin-opt=-fresolution=/tmp/ccEfxzY4.res] ==> ignore
    arg [-plugin-opt=-pass-through=-lgcc_s] ==> ignore
    arg [-plugin-opt=-pass-through=-lgcc] ==> ignore
    arg [-plugin-opt=-pass-through=-lc] ==> ignore
    arg [-plugin-opt=-pass-through=-lgcc_s] ==> ignore
    arg [-plugin-opt=-pass-through=-lgcc] ==> ignore
    arg [--build-id] ==> ignore
    arg [--eh-frame-hdr] ==> ignore
    arg [-m] ==> ignore
    arg [elf_x86_64] ==> ignore
    arg [--hash-style=gnu] ==> ignore
    arg [--as-needed] ==> ignore
    arg [-dynamic-linker] ==> ignore
    arg [/lib64/ld-linux-x86-64.so.2] ==> ignore
    arg [-pie] ==> ignore
    arg [-znow] ==> ignore
    arg [-zrelro] ==> ignore
    arg [-o] ==> ignore
    arg [cmTC_4b967] ==> ignore
    arg [/usr/lib/gcc/x86_64-linux-gnu/11/../../../x86_64-linux-gnu/Scrt1.o] ==> obj [/usr/lib/gcc/x86_64-linux-gnu/11/../../../x86_64-linux-gnu/Scrt1.o]
    arg [/usr/lib/gcc/x86_64-linux-gnu/11/../../../x86_64-linux-gnu/crti.o] ==> obj [/usr/lib/gcc/x86_64-linux-gnu/11/../../../x86_64-linux-gnu/crti.o]
    arg [/usr/lib/gcc/x86_64-linux-gnu/11/crtbeginS.o] ==> obj [/usr/lib/gcc/x86_64-linux-gnu/11/crtbeginS.o]
    arg [-L/usr/lib/gcc/x86_64-linux-gnu/11] ==> dir [/usr/lib/gcc/x86_64-linux-gnu/11]
    arg [-L/usr/lib/gcc/x86_64-linux-gnu/11/../../../x86_64-linux-gnu] ==> dir [/usr/lib/gcc/x86_64-linux-gnu/11/../../../x86_64-linux-gnu]
    arg [-L/usr/lib/gcc/x86_64-linux-gnu/11/../../../../lib] ==> dir [/usr/lib/gcc/x86_64-linux-gnu/11/../../../../lib]
    arg [-L/lib/x86_64-linux-gnu] ==> dir [/lib/x86_64-linux-gnu]
    arg [-L/lib/../lib] ==> dir [/lib/../lib]
    arg [-L/usr/lib/x86_64-linux-gnu] ==> dir [/usr/lib/x86_64-linux-gnu]
    arg [-L/usr/lib/../lib] ==> dir [/usr/lib/../lib]
    arg [-L/usr/lib/gcc/x86_64-linux-gnu/11/../../..] ==> dir [/usr/lib/gcc/x86_64-linux-gnu/11/../../..]
    arg [CMakeFiles/cmTC_4b967.dir/CMakeCXXCompilerABI.cpp.o] ==> ignore
    arg [-lstdc++] ==> lib [stdc++]
    arg [-lm] ==> lib [m]
    arg [-lgcc_s] ==> lib [gcc_s]
    arg [-lgcc] ==> lib [gcc]
    arg [-lc] ==> lib [c]
    arg [-lgcc_s] ==> lib [gcc_s]
    arg [-lgcc] ==> lib [gcc]
    arg [/usr/lib/gcc/x86_64-linux-gnu/11/crtendS.o] ==> obj [/usr/lib/gcc/x86_64-linux-gnu/11/crtendS.o]
    arg [/usr/lib/gcc/x86_64-linux-gnu/11/../../../x86_64-linux-gnu/crtn.o] ==> obj [/usr/lib/gcc/x86_64-linux-gnu/11/../../../x86_64-linux-gnu/crtn.o]
  collapse obj [/usr/lib/gcc/x86_64-linux-gnu/11/../../../x86_64-linux-gnu/Scrt1.o] ==> [/usr/lib/x86_64-linux-gnu/Scrt1.o]
  collapse obj [/usr/lib/gcc/x86_64-linux-gnu/11/../../../x86_64-linux-gnu/crti.o] ==> [/usr/lib/x86_64-linux-gnu/crti.o]
  collapse obj [/usr/lib/gcc/x86_64-linux-gnu/11/../../../x86_64-linux-gnu/crtn.o] ==> [/usr/lib/x86_64-linux-gnu/crtn.o]
  collapse library dir [/usr/lib/gcc/x86_64-linux-gnu/11] ==> [/usr/lib/gcc/x86_64-linux-gnu/11]
  collapse library dir [/usr/lib/gcc/x86_64-linux-gnu/11/../../../x86_64-linux-gnu] ==> [/usr/lib/x86_64-linux-gnu]
  collapse library dir [/usr/lib/gcc/x86_64-linux-gnu/11/../../../../lib] ==> [/usr/lib]
  collapse library dir [/lib/x86_64-linux-gnu] ==> [/lib/x86_64-linux-gnu]
  collapse library dir [/lib/../lib] ==> [/lib]
  collapse library dir [/usr/lib/x86_64-linux-gnu] ==> [/usr/lib/x86_64-linux-gnu]
  collapse library dir [/usr/lib/../lib] ==> [/usr/lib]
  collapse library dir [/usr/lib/gcc/x86_64-linux-gnu/11/../../..] ==> [/usr/lib]
  implicit libs: [stdc++;m;gcc_s;gcc;c;gcc_s;gcc]
  implicit objs: [/usr/lib/x86_64-linux-gnu/Scrt1.o;/usr/lib/x86_64-linux-gnu/crti.o;/usr/lib/gcc/x86_64-linux-gnu/11/crtbeginS.o;/usr/lib/gcc/x86_64-linux-gnu/11/crtendS.o;/usr/lib/x86_64-linux-gnu/crtn.o]
  implicit dirs: [/usr/lib/gcc/x86_64-linux-gnu/11;/usr/lib/x86_64-linux-gnu;/usr/lib;/lib/x86_64-linux-gnu;/lib]
  implicit fwks: []


Determining if the include file pthread.h exists passed with the following output:
Change Dir: /home/it/Desktop/data_channel/libdatachannel/CMakeFiles/CMakeTmp

Run Build Command(s):/usr/bin/gmake -f Makefile cmTC_684b8/fast && /usr/bin/gmake  -f CMakeFiles/cmTC_684b8.dir/build.make CMakeFiles/cmTC_684b8.dir/build
gmake[1]: Entering directory '/home/it/Desktop/data_channel/libdatachannel/CMakeFiles/CMakeTmp'
Building CXX object CMakeFiles/cmTC_684b8.dir/CheckIncludeFile.cxx.o
/usr/bin/c++   -fPIE -o CMakeFiles/cmTC_684b8.dir/CheckIncludeFile.cxx.o -c /home/it/Desktop/data_channel/libdatachannel/CMakeFiles/CMakeTmp/CheckIncludeFile.cxx
Linking CXX executable cmTC_684b8
/usr/bin/cmake -E cmake_link_script CMakeFiles/cmTC_684b8.dir/link.txt --verbose=1
/usr/bin/c++ CMakeFiles/cmTC_684b8.dir/CheckIncludeFile.cxx.o -o cmTC_684b8 
gmake[1]: Leaving directory '/home/it/Desktop/data_channel/libdatachannel/CMakeFiles/CMakeTmp'



Performing C++ SOURCE FILE Test CMAKE_HAVE_LIBC_PTHREAD succeeded with the following output:
Change Dir: /home/it/Desktop/data_channel/libdatachannel/CMakeFiles/CMakeTmp

Run Build Command(s):/usr/bin/gmake -f Makefile cmTC_853f1/fast && /usr/bin/gmake  -f CMakeFiles/cmTC_853f1.dir/build.make CMakeFiles/cmTC_853f1.dir/build
gmake[1]: Entering directory '/home/it/Desktop/data_channel/libdatachannel/CMakeFiles/CMakeTmp'
Building CXX object CMakeFiles/cmTC_853f1.dir/src.cxx.o
/usr/bin/c++ -DCMAKE_HAVE_LIBC_PTHREAD  -fPIE -o CMakeFiles/cmTC_853f1.dir/src.cxx.o -c /home/it/Desktop/data_channel/libdatachannel/CMakeFiles/CMakeTmp/src.cxx
Linking CXX executable cmTC_853f1
/usr/bin/cmake -E cmake_link_script CMakeFiles/cmTC_853f1.dir/link.txt --verbose=1
/usr/bin/c++ CMakeFiles/cmTC_853f1.dir/src.cxx.o -o cmTC_853f1 
gmake[1]: Leaving directory '/home/it/Desktop/data_channel/libdatachannel/CMakeFiles/CMakeTmp'


Source file was:
#include <pthread.h>

static void* test_func(void* data)
{
  return data;
}

int main(void)
{
  pthread_t thread;
  pthread_create(&thread, NULL, test_func, NULL);
  pthread_detach(thread);
  pthread_cancel(thread);
  pthread_join(thread, NULL);
  pthread_atfork(NULL, NULL, NULL);
  pthread_exit(NULL);

  return 0;
}

Compiling the C compiler identification source file "CMakeCCompilerId.c" succeeded.
Compiler: /usr/bin/cc 
Build flags: 
Id flags:  

The output was:
0


Compilation of the C compiler identification source "CMakeCCompilerId.c" produced "a.out"

The C compiler identification is GNU, found in "/home/it/Desktop/data_channel/libdatachannel/CMakeFiles/3.22.1/CompilerIdC/a.out"

Detecting C compiler ABI info compiled with the following output:
Change Dir: /home/it/Desktop/data_channel/libdatachannel/CMakeFiles/CMakeTmp

Run Build Command(s):/usr/bin/gmake -f Makefile cmTC_1cdb9/fast && /usr/bin/gmake  -f CMakeFiles/cmTC_1cdb9.dir/build.make CMakeFiles/cmTC_1cdb9.dir/build
gmake[1]: Entering directory '/home/it/Desktop/data_channel/libdatachannel/CMakeFiles/CMakeTmp'
Building C object CMakeFiles/cmTC_1cdb9.dir/CMakeCCompilerABI.c.o
/usr/bin/cc   -fPIE   -v -o CMakeFiles/cmTC_1cdb9.dir/CMakeCCompilerABI.c.o -c /usr/share/cmake-3.22/Modules/CMakeCCompilerABI.c
Using built-in specs.
COLLECT_GCC=/usr/bin/cc
OFFLOAD_TARGET_NAMES=nvptx-none:amdgcn-amdhsa
OFFLOAD_TARGET_DEFAULT=1
Target: x86_64-linux-gnu
Configured with: ../src/configure -v --with-pkgversion='Ubuntu 11.4.0-1ubuntu1~22.04' --with-bugurl=file:///usr/share/doc/gcc-11/README.Bugs --enable-languages=c,ada,c++,go,brig,d,fortran,objc,obj-c++,m2 --prefix=/usr --with-gcc-major-version-only --program-suffix=-11 --program-prefix=x86_64-linux-gnu- --enable-shared --enable-linker-build-id --libexecdir=/usr/lib --without-included-gettext --enable-threads=posix --libdir=/usr/lib --enable-nls --enable-bootstrap --enable-clocale=gnu --enable-libstdcxx-debug --enable-libstdcxx-time=yes --with-default-libstdcxx-abi=new --enable-gnu-unique-object --disable-vtable-verify --enable-plugin --enable-default-pie --with-system-zlib --enable-libphobos-checking=release --with-target-system-zlib=auto --enable-objc-gc=auto --enable-multiarch --disable-werror --enable-cet --with-arch-32=i686 --with-abi=m64 --with-multilib-list=m32,m64,mx32 --enable-multilib --with-tune=generic --enable-offload-targets=nvptx-none=/build/gcc-11-XeT9lY/gcc-11-11.4.0/debian/tmp-nvptx/usr,amdgcn-amdhsa=/build/gcc-11-XeT9lY/gcc-11-11.4.0/debian/tmp-gcn/usr --without-cuda-driver --enable-checking=release --build=x86_64-linux-gnu --host=x86_64-linux-gnu --target=x86_64-linux-gnu --with-build-config=bootstrap-lto-lean --enable-link-serialization=2
Thread model: posix
Supported LTO compression algorithms: zlib zstd
gcc version 11.4.0 (Ubuntu 11.4.0-1ubuntu1~22.04) 
COLLECT_GCC_OPTIONS='-fPIE' '-v' '-o' 'CMakeFiles/cmTC_1cdb9.dir/CMakeCCompilerABI.c.o' '-c' '-mtune=generic' '-march=x86-64' '-dumpdir' 'CMakeFiles/cmTC_1cdb9.dir/'
 /usr/lib/gcc/x86_64-linux-gnu/11/cc1 -quiet -v -imultiarch x86_64-linux-gnu /usr/share/cmake-3.22/Modules/CMakeCCompilerABI.c -quiet -dumpdir CMakeFiles/cmTC_1cdb9.dir/ -dumpbase CMakeCCompilerABI.c.c -dumpbase-ext .c -mtune=generic -march=x86-64 -version -fPIE -fasynchronous-unwind-tables -fstack-protector-strong -Wformat -Wformat-security -fstack-clash-protection -fcf-protection -o /tmp/cc2S8u2R.s
GNU C17 (Ubuntu 11.4.0-1ubuntu1~22.04) version 11.4.0 (x86_64-linux-gnu)
	compiled by GNU C version 11.4.0, GMP version 6.2.1, MPFR version 4.1.0, MPC version 1.2.1, isl version isl-0.24-GMP

GGC heuristics: --param ggc-min-expand=100 --param ggc-min-heapsize=131072
ignoring nonexistent directory "/usr/local/include/x86_64-linux-gnu"
ignoring nonexistent directory "/usr/lib/gcc/x86_64-linux-gnu/11/include-fixed"
ignoring nonexistent directory "/usr/lib/gcc/x86_64-linux-gnu/11/../../../../x86_64-linux-gnu/include"
#include "..." search starts here:
#include <...> search starts here:
 /usr/lib/gcc/x86_64-linux-gnu/11/include
 /usr/local/include
 /usr/include/x86_64-linux-gnu
 /usr/include
End of search list.
GNU C17 (Ubuntu 11.4.0-1ubuntu1~22.04) version 11.4.0 (x86_64-linux-gnu)
	compiled by GNU C version 11.4.0, GMP version 6.2.1, MPFR version 4.1.0, MPC version 1.2.1, isl version isl-0.24-GMP

GGC heuristics: --param ggc-min-expand=100 --param ggc-min-heapsize=131072
Compiler executable checksum: 50eaa2331df977b8016186198deb2d18
COLLECT_GCC_OPTIONS='-fPIE' '-v' '-o' 'CMakeFiles/cmTC_1cdb9.dir/CMakeCCompilerABI.c.o' '-c' '-mtune=generic' '-march=x86-64' '-dumpdir' 'CMakeFiles/cmTC_1cdb9.dir/'
 as -v --64 -o CMakeFiles/cmTC_1cdb9.dir/CMakeCCompilerABI.c.o /tmp/cc2S8u2R.s
GNU assembler version 2.38 (x86_64-linux-gnu) using BFD version (GNU Binutils for Ubuntu) 2.38
COMPILER_PATH=/usr/lib/gcc/x86_64-linux-gnu/11/:/usr/lib/gcc/x86_64-linux-gnu/11/:/usr/lib/gcc/x86_64-linux-gnu/:/usr/lib/gcc/x86_64-linux-gnu/11/:/usr/lib/gcc/x86_64-linux-gnu/
LIBRARY_PATH=/usr/lib/gcc/x86_64-linux-gnu/11/:/usr/lib/gcc/x86_64-linux-gnu/11/../../../x86_64-linux-gnu/:/usr/lib/gcc/x86_64-linux-gnu/11/../../../../lib/:/lib/x86_64-linux-gnu/:/lib/../lib/:/usr/lib/x86_64-linux-gnu/:/usr/lib/../lib/:/usr/lib/gcc/x86_64-linux-gnu/11/../../../:/lib/:/usr/lib/
COLLECT_GCC_OPTIONS='-fPIE' '-v' '-o' 'CMakeFiles/cmTC_1cdb9.dir/CMakeCCompilerABI.c.o' '-c' '-mtune=generic' '-march=x86-64' '-dumpdir' 'CMakeFiles/cmTC_1cdb9.dir/CMakeCCompilerABI.c.'
Linking C executable cmTC_1cdb9
/usr/bin/cmake -E cmake_link_script CMakeFiles/cmTC_1cdb9.dir/link.txt --verbose=1
/usr/bin/cc  -v CMakeFiles/cmTC_1cdb9.dir/CMakeCCompilerABI.c.o -o cmTC_1cdb9 
Using built-in specs.
COLLECT_GCC=/usr/bin/cc
COLLECT_LTO_WRAPPER=/usr/lib/gcc/x86_64-linux-gnu/11/lto-wrapper
OFFLOAD_TARGET_NAMES=nvptx-none:amdgcn-amdhsa
OFFLOAD_TARGET_DEFAULT=1
Target: x86_64-linux-gnu
Configured with: ../src/configure -v --with-pkgversion='Ubuntu 11.4.0-1ubuntu1~22.04' --with-bugurl=file:///usr/share/doc/gcc-11/README.Bugs --enable-languages=c,ada,c++,go,brig,d,fortran,objc,obj-c++,m2 --prefix=/usr --with-gcc-major-version-only --program-suffix=-11 --program-prefix=x86_64-linux-gnu- --enable-shared --enable-linker-build-id --libexecdir=/usr/lib --without-included-gettext --enable-threads=posix --libdir=/usr/lib --enable-nls --enable-bootstrap --enable-clocale=gnu --enable-libstdcxx-debug --enable-libstdcxx-time=yes --with-default-libstdcxx-abi=new --enable-gnu-unique-object --disable-vtable-verify --enable-plugin --enable-default-pie --with-system-zlib --enable-libphobos-checking=release --with-target-system-zlib=auto --enable-objc-gc=auto --enable-multiarch --disable-werror --enable-cet --with-arch-32=i686 --with-abi=m64 --with-multilib-list=m32,m64,mx32 --enable-multilib --with-tune=generic --enable-offload-targets=nvptx-none=/build/gcc-11-XeT9lY/gcc-11-11.4.0/debian/tmp-nvptx/usr,amdgcn-amdhsa=/build/gcc-11-XeT9lY/gcc-11-11.4.0/debian/tmp-gcn/usr --without-cuda-driver --enable-checking=release --build=x86_64-linux-gnu --host=x86_64-linux-gnu --target=x86_64-linux-gnu --with-build-config=bootstrap-lto-lean --enable-link-serialization=2
Thread model: posix
Supported LTO compression algorithms: zlib zstd
gcc version 11.4.0 (Ubuntu 11.4.0-1ubuntu1~22.04) 
COMPILER_PATH=/usr/lib/gcc/x86_64-linux-gnu/11/:/usr/lib/gcc/x86_64-linux-gnu/11/:/usr/lib/gcc/x86_64-linux-gnu/:/usr/lib/gcc/x86_64-linux-gnu/11/:/usr/lib/gcc/x86_64-linux-gnu/
LIBRARY_PATH=/usr/lib/gcc/x86_64-linux-gnu/11/:/usr/lib/gcc/x86_64-linux-gnu/11/../../../x86_64-linux-gnu/:/usr/lib/gcc/x86_64-linux-gnu/11/../../../../lib/:/lib/x86_64-linux-gnu/:/lib/../lib/:/usr/lib/x86_64-linux-gnu/:/usr/lib/../lib/:/usr/lib/gcc/x86_64-linux-gnu/11/../../../:/lib/:/usr/lib/
COLLECT_GCC_OPTIONS='-v' '-o' 'cmTC_1cdb9' '-mtune=generic' '-march=x86-64' '-dumpdir' 'cmTC_1cdb9.'
 /usr/lib/gcc/x86_64-linux-gnu/11/collect2 -plugin /usr/lib/gcc/x86_64-linux-gnu/11/liblto_plugin.so -plugin-opt=/usr/lib/gcc/x86_64-linux-gnu/11/lto-wrapper -plugin-opt=-fresolution=/tmp/cc2WpqGr.res -plugin-opt=-pass-through=-lgcc -plugin-opt=-pass-through=-lgcc_s -plugin-opt=-pass-through=-lc -plugin-opt=-pass-through=-lgcc -plugin-opt=-pass-through=-lgcc_s --build-id --eh-frame-hdr -m elf_x86_64 --hash-style=gnu --as-needed -dynamic-linker /lib64/ld-linux-x86-64.so.2 -pie -z now -z relro -o cmTC_1cdb9 /usr/lib/gcc/x86_64-linux-gnu/11/../../../x86_64-linux-gnu/Scrt1.o /usr/lib/gcc/x86_64-linux-gnu/11/../../../x86_64-linux-gnu/crti.o /usr/lib/gcc/x86_64-linux-gnu/11/crtbeginS.o -L/usr/lib/gcc/x86_64-linux-gnu/11 -L/usr/lib/gcc/x86_64-linux-gnu/11/../../../x86_64-linux-gnu -L/usr/lib/gcc/x86_64-linux-gnu/11/../../../../lib -L/lib/x86_64-linux-gnu -L/lib/../lib -L/usr/lib/x86_64-linux-gnu -L/usr/lib/../lib -L/usr/lib/gcc/x86_64-linux-gnu/11/../../.. CMakeFiles/cmTC_1cdb9.dir/CMakeCCompilerABI.c.o -lgcc --push-state --as-needed -lgcc_s --pop-state -lc -lgcc --push-state --as-needed -lgcc_s --pop-state /usr/lib/gcc/x86_64-linux-gnu/11/crtendS.o /usr/lib/gcc/x86_64-linux-gnu/11/../../../x86_64-linux-gnu/crtn.o
COLLECT_GCC_OPTIONS='-v' '-o' 'cmTC_1cdb9' '-mtune=generic' '-march=x86-64' '-dumpdir' 'cmTC_1cdb9.'
gmake[1]: Leaving directory '/home/it/Desktop/data_channel/libdatachannel/CMakeFiles/CMakeTmp'



Parsed C implicit include dir info from above output: rv=done
  found start of include info
  found start of implicit include info
    add: [/usr/lib/gcc/x86_64-linux-gnu/11/include]
    add: [/usr/local/include]
    add: [/usr/include/x86_64-linux-gnu]
    add: [/usr/include]
  end of search list found
  collapse include dir [/usr/lib/gcc/x86_64-linux-gnu/11/include] ==> [/usr/lib/gcc/x86_64-linux-gnu/11/include]
  collapse include dir [/usr/local/include] ==> [/usr/local/include]
  collapse include dir [/usr/include/x86_64-linux-gnu] ==> [/usr/include/x86_64-linux-gnu]
  collapse include dir [/usr/include] ==> [/usr/include]
  implicit include dirs: [/usr/lib/gcc/x86_64-linux-gnu/11/include;/usr/local/include;/usr/include/x86_64-linux-gnu;/usr/include]


Parsed C implicit link information from above output:
  link line regex: [^( *|.*[/\])(ld|CMAKE_LINK_STARTFILE-NOTFOUND|([^/\]+-)?ld|collect2)[^/\]*( |$)]
  ignore line: [Change Dir: /home/it/Desktop/data_channel/libdatachannel/CMakeFiles/CMakeTmp]
  ignore line: []
  ignore line: [Run Build Command(s):/usr/bin/gmake -f Makefile cmTC_1cdb9/fast && /usr/bin/gmake  -f CMakeFiles/cmTC_1cdb9.dir/build.make CMakeFiles/cmTC_1cdb9.dir/build]
  ignore line: [gmake[1]: Entering directory '/home/it/Desktop/data_channel/libdatachannel/CMakeFiles/CMakeTmp']
  ignore line: [Building C object CMakeFiles/cmTC_1cdb9.dir/CMakeCCompilerABI.c.o]
  ignore line: [/usr/bin/cc   -fPIE   -v -o CMakeFiles/cmTC_1cdb9.dir/CMakeCCompilerABI.c.o -c /usr/share/cmake-3.22/Modules/CMakeCCompilerABI.c]
  ignore line: [Using built-in specs.]
  ignore line: [COLLECT_GCC=/usr/bin/cc]
  ignore line: [OFFLOAD_TARGET_NAMES=nvptx-none:amdgcn-amdhsa]
  ignore line: [OFFLOAD_TARGET_DEFAULT=1]
  ignore line: [Target: x86_64-linux-gnu]
  ignore line: [Configured with: ../src/configure -v --with-pkgversion='Ubuntu 11.4.0-1ubuntu1~22.04' --with-bugurl=file:///usr/share/doc/gcc-11/README.Bugs --enable-languages=c ada c++ go brig d fortran objc obj-c++ m2 --prefix=/usr --with-gcc-major-version-only --program-suffix=-11 --program-prefix=x86_64-linux-gnu- --enable-shared --enable-linker-build-id --libexecdir=/usr/lib --without-included-gettext --enable-threads=posix --libdir=/usr/lib --enable-nls --enable-bootstrap --enable-clocale=gnu --enable-libstdcxx-debug --enable-libstdcxx-time=yes --with-default-libstdcxx-abi=new --enable-gnu-unique-object --disable-vtable-verify --enable-plugin --enable-default-pie --with-system-zlib --enable-libphobos-checking=release --with-target-system-zlib=auto --enable-objc-gc=auto --enable-multiarch --disable-werror --enable-cet --with-arch-32=i686 --with-abi=m64 --with-multilib-list=m32 m64 mx32 --enable-multilib --with-tune=generic --enable-offload-targets=nvptx-none=/build/gcc-11-XeT9lY/gcc-11-11.4.0/debian/tmp-nvptx/usr amdgcn-amdhsa=/build/gcc-11-XeT9lY/gcc-11-11.4.0/debian/tmp-gcn/usr --without-cuda-driver --enable-checking=release --build=x86_64-linux-gnu --host=x86_64-linux-gnu --target=x86_64-linux-gnu --with-build-config=bootstrap-lto-lean --enable-link-serialization=2]
  ignore line: [Thread model: posix]
  ignore line: [Supported LTO compression algorithms: zlib zstd]
  ignore line: [gcc version 11.4.0 (Ubuntu 11.4.0-1ubuntu1~22.04) ]
  ignore line: [COLLECT_GCC_OPTIONS='-fPIE' '-v' '-o' 'CMakeFiles/cmTC_1cdb9.dir/CMakeCCompilerABI.c.o' '-c' '-mtune=generic' '-march=x86-64' '-dumpdir' 'CMakeFiles/cmTC_1cdb9.dir/']
  ignore line: [ /usr/lib/gcc/x86_64-linux-gnu/11/cc1 -quiet -v -imultiarch x86_64-linux-gnu /usr/share/cmake-3.22/Modules/CMakeCCompilerABI.c -quiet -dumpdir CMakeFiles/cmTC_1cdb9.dir/ -dumpbase CMakeCCompilerABI.c.c -dumpbase-ext .c -mtune=generic -march=x86-64 -version -fPIE -fasynchronous-unwind-tables -fstack-protector-strong -Wformat -Wformat-security -fstack-clash-protection -fcf-protection -o /tmp/cc2S8u2R.s]
  ignore line: [GNU C17 (Ubuntu 11.4.0-1ubuntu1~22.04) version 11.4.0 (x86_64-linux-gnu)]
  ignore line: [	compiled by GNU C version 11.4.0  GMP version 6.2.1  MPFR version 4.1.0  MPC version 1.2.1  isl version isl-0.24-GMP]
  ignore line: []
  ignore line: [GGC heuristics: --param ggc-min-expand=100 --param ggc-min-heapsize=131072]
  ignore line: [ignoring nonexistent directory "/usr/local/include/x86_64-linux-gnu"]
  ignore line: [ignoring nonexistent directory "/usr/lib/gcc/x86_64-linux-gnu/11/include-fixed"]
  ignore line: [ignoring nonexistent directory "/usr/lib/gcc/x86_64-linux-gnu/11/../../../../x86_64-linux-gnu/include"]
  ignore line: [#include "..." search starts here:]
  ignore line: [#include <...> search starts here:]
  ignore line: [ /usr/lib/gcc/x86_64-linux-gnu/11/include]
  ignore line: [ /usr/local/include]
  ignore line: [ /usr/include/x86_64-linux-gnu]
  ignore line: [ /usr/include]
  ignore line: [End of search list.]
  ignore line: [GNU C17 (Ubuntu 11.4.0-1ubuntu1~22.04) version 11.4.0 (x86_64-linux-gnu)]
  ignore line: [	compiled by GNU C version 11.4.0  GMP version 6.2.1  MPFR version 4.1.0  MPC version 1.2.1  isl version isl-0.24-GMP]
  ignore line: []
  ignore line: [GGC heuristics: --param ggc-min-expand=100 --param ggc-min-heapsize=131072]
  ignore line: [Compiler executable checksum: 50eaa2331df977b8016186198deb2d18]
  ignore line: [COLLECT_GCC_OPTIONS='-fPIE' '-v' '-o' 'CMakeFiles/cmTC_1cdb9.dir/CMakeCCompilerABI.c.o' '-c' '-mtune=generic' '-march=x86-64' '-dumpdir' 'CMakeFiles/cmTC_1cdb9.dir/']
  ignore line: [ as -v --64 -o CMakeFiles/cmTC_1cdb9.dir/CMakeCCompilerABI.c.o /tmp/cc2S8u2R.s]
  ignore line: [GNU assembler version 2.38 (x86_64-linux-gnu) using BFD version (GNU Binutils for Ubuntu) 2.38]
  ignore line: [COMPILER_PATH=/usr/lib/gcc/x86_64-linux-gnu/11/:/usr/lib/gcc/x86_64-linux-gnu/11/:/usr/lib/gcc/x86_64-linux-gnu/:/usr/lib/gcc/x86_64-linux-gnu/11/:/usr/lib/gcc/x86_64-linux-gnu/]
  ignore line: [LIBRARY_PATH=/usr/lib/gcc/x86_64-linux-gnu/11/:/usr/lib/gcc/x86_64-linux-gnu/11/../../../x86_64-linux-gnu/:/usr/lib/gcc/x86_64-linux-gnu/11/../../../../lib/:/lib/x86_64-linux-gnu/:/lib/../lib/:/usr/lib/x86_64-linux-gnu/:/usr/lib/../lib/:/usr/lib/gcc/x86_64-linux-gnu/11/../../../:/lib/:/usr/lib/]
  ignore line: [COLLECT_GCC_OPTIONS='-fPIE' '-v' '-o' 'CMakeFiles/cmTC_1cdb9.dir/CMakeCCompilerABI.c.o' '-c' '-mtune=generic' '-march=x86-64' '-dumpdir' 'CMakeFiles/cmTC_1cdb9.dir/CMakeCCompilerABI.c.']
  ignore line: [Linking C executable cmTC_1cdb9]
  ignore line: [/usr/bin/cmake -E cmake_link_script CMakeFiles/cmTC_1cdb9.dir/link.txt --verbose=1]
  ignore line: [/usr/bin/cc  -v CMakeFiles/cmTC_1cdb9.dir/CMakeCCompilerABI.c.o -o cmTC_1cdb9 ]
  ignore line: [Using built-in specs.]
  ignore line: [COLLECT_GCC=/usr/bin/cc]
  ignore line: [COLLECT_LTO_WRAPPER=/usr/lib/gcc/x86_64-linux-gnu/11/lto-wrapper]
  ignore line: [OFFLOAD_TARGET_NAMES=nvptx-none:amdgcn-amdhsa]
  ignore line: [OFFLOAD_TARGET_DEFAULT=1]
  ignore line: [Target: x86_64-linux-gnu]
  ignore line: [Configured with: ../src/configure -v --with-pkgversion='Ubuntu 11.4.0-1ubuntu1~22.04' --with-bugurl=file:///usr/share/doc/gcc-11/README.Bugs --enable-languages=c ada c++ go brig d fortran objc obj-c++ m2 --prefix=/usr --with-gcc-major-version-only --program-suffix=-11 --program-prefix=x86_64-linux-gnu- --enable-shared --enable-linker-build-id --libexecdir=/usr/lib --without-included-gettext --enable-threads=posix --libdir=/usr/lib --enable-nls --enable-bootstrap --enable-clocale=gnu --enable-libstdcxx-debug --enable-libstdcxx-time=yes --with-default-libstdcxx-abi=new --enable-gnu-unique-object --disable-vtable-verify --enable-plugin --enable-default-pie --with-system-zlib --enable-libphobos-checking=release --with-target-system-zlib=auto --enable-objc-gc=auto --enable-multiarch --disable-werror --enable-cet --with-arch-32=i686 --with-abi=m64 --with-multilib-list=m32 m64 mx32 --enable-multilib --with-tune=generic --enable-offload-targets=nvptx-none=/build/gcc-11-XeT9lY/gcc-11-11.4.0/debian/tmp-nvptx/usr amdgcn-amdhsa=/build/gcc-11-XeT9lY/gcc-11-11.4.0/debian/tmp-gcn/usr --without-cuda-driver --enable-checking=release --build=x86_64-linux-gnu --host=x86_64-linux-gnu --target=x86_64-linux-gnu --with-build-config=bootstrap-lto-lean --enable-link-serialization=2]
  ignore line: [Thread model: posix]
  ignore line: [Supported LTO compression algorithms: zlib zstd]
  ignore line: [gcc version 11.4.0 (Ubuntu 11.4.0-1ubuntu1~22.04) ]
  ignore line: [COMPILER_PATH=/usr/lib/gcc/x86_64-linux-gnu/11/:/usr/lib/gcc/x86_64-linux-gnu/11/:/usr/lib/gcc/x86_64-linux-gnu/:/usr/lib/gcc/x86_64-linux-gnu/11/:/usr/lib/gcc/x86_64-linux-gnu/]
  ignore line: [LIBRARY_PATH=/usr/lib/gcc/x86_64-linux-gnu/11/:/usr/lib/gcc/x86_64-linux-gnu/11/../../../x86_64-linux-gnu/:/usr/lib/gcc/x86_64-linux-gnu/11/../../../../lib/:/lib/x86_64-linux-gnu/:/lib/../lib/:/usr/lib/x86_64-linux-gnu/:/usr/lib/../lib/:/usr/lib/gcc/x86_64-linux-gnu/11/../../../:/lib/:/usr/lib/]
  ignore line: [COLLECT_GCC_OPTIONS='-v' '-o' 'cmTC_1cdb9' '-mtune=generic' '-march=x86-64' '-dumpdir' 'cmTC_1cdb9.']
  link line: [ /usr/lib/gcc/x86_64-linux-gnu/11/collect2 -plugin /usr/lib/gcc/x86_64-linux-gnu/11/liblto_plugin.so -plugin-opt=/usr/lib/gcc/x86_64-linux-gnu/11/lto-wrapper -plugin-opt=-fresolution=/tmp/cc2WpqGr.res -plugin-opt=-pass-through=-lgcc -plugin-opt=-pass-through=-lgcc_s -plugin-opt=-pass-through=-lc -plugin-opt=-pass-through=-lgcc -plugin-opt=-pass-through=-lgcc_s --build-id --eh-frame-hdr -m elf_x86_64 --hash-style=gnu --as-needed -dynamic-linker /lib64/ld-linux-x86-64.so.2 -pie -z now -z relro -o cmTC_1cdb9 /usr/lib/gcc/x86_64-linux-gnu/11/../../../x86_64-linux-gnu/Scrt1.o /usr/lib/gcc/x86_64-linux-gnu/11/../../../x86_64-linux-gnu/crti.o /usr/lib/gcc/x86_64-linux-gnu/11/crtbeginS.o -L/usr/lib/gcc/x86_64-linux-gnu/11 -L/usr/lib/gcc/x86_64-linux-gnu/11/../../../x86_64-linux-gnu -L/usr/lib/gcc/x86_64-linux-gnu/11/../../../../lib -L/lib/x86_64-linux-gnu -L/lib/../lib -L/usr/lib/x86_64-linux-gnu -L/usr/lib/../lib -L/usr/lib/gcc/x86_64-linux-gnu/11/../../.. CMakeFiles/cmTC_1cdb9.dir/CMakeCCompilerABI.c.o -lgcc --push-state --as-needed -lgcc_s --pop-state -lc -lgcc --push-state --as-needed -lgcc_s --pop-state /usr/lib/gcc/x86_64-linux-gnu/11/crtendS.o /usr/lib/gcc/x86_64-linux-gnu/11/../../../x86_64-linux-gnu/crtn.o]
    arg [/usr/lib/gcc/x86_64-linux-gnu/11/collect2] ==> ignore
    arg [-plugin] ==> ignore
    arg [/usr/lib/gcc/x86_64-linux-gnu/11/liblto_plugin.so] ==> ignore
    arg [-plugin-opt=/usr/lib/gcc/x86_64-linux-gnu/11/lto-wrapper] ==> ignore
    arg [-plugin-opt=-fresolution=/tmp/cc2WpqGr.res] ==> ignore
    arg [-plugin-opt=-pass-through=-lgcc] ==> ignore
    arg [-plugin-opt=-pass-through=-lgcc_s] ==> ignore
    arg [-plugin-opt=-pass-through=-lc] ==> ignore
    arg [-plugin-opt=-pass-through=-lgcc] ==> ignore
    arg [-plugin-opt=-pass-through=-lgcc_s] ==> ignore
    arg [--build-id] ==> ignore
    arg [--eh-frame-hdr] ==> ignore
    arg [-m] ==> ignore
    arg [elf_x86_64] ==> ignore
    arg [--hash-style=gnu] ==> ignore
    arg [--as-needed] ==> ignore
    arg [-dynamic-linker] ==> ignore
    arg [/lib64/ld-linux-x86-64.so.2] ==> ignore
    arg [-pie] ==> ignore
    arg [-znow] ==> ignore
    arg [-zrelro] ==> ignore
    arg [-o] ==> ignore
    arg [cmTC_1cdb9] ==> ignore
    arg [/usr/lib/gcc/x86_64-linux-gnu/11/../../../x86_64-linux-gnu/Scrt1.o] ==> obj [/usr/lib/gcc/x86_64-linux-gnu/11/../../../x86_64-linux-gnu/Scrt1.o]
    arg [/usr/lib/gcc/x86_64-linux-gnu/11/../../../x86_64-linux-gnu/crti.o] ==> obj [/usr/lib/gcc/x86_64-linux-gnu/11/../../../x86_64-linux-gnu/crti.o]
    arg [/usr/lib/gcc/x86_64-linux-gnu/11/crtbeginS.o] ==> obj [/usr/lib/gcc/x86_64-linux-gnu/11/crtbeginS.o]
    arg [-L/usr/lib/gcc/x86_64-linux-gnu/11] ==> dir [/usr/lib/gcc/x86_64-linux-gnu/11]
    arg [-L/usr/lib/gcc/x86_64-linux-gnu/11/../../../x86_64-linux-gnu] ==> dir [/usr/lib/gcc/x86_64-linux-gnu/11/../../../x86_64-linux-gnu]
    arg [-L/usr/lib/gcc/x86_64-linux-gnu/11/../../../../lib] ==> dir [/usr/lib/gcc/x86_64-linux-gnu/11/../../../../lib]
    arg [-L/lib/x86_64-linux-gnu] ==> dir [/lib/x86_64-linux-gnu]
    arg [-L/lib/../lib] ==> dir [/lib/../lib]
    arg [-L/usr/lib/x86_64-linux-gnu] ==> dir [/usr/lib/x86_64-linux-gnu]
    arg [-L/usr/lib/../lib] ==> dir [/usr/lib/../lib]
    arg [-L/usr/lib/gcc/x86_64-linux-gnu/11/../../..] ==> dir [/usr/lib/gcc/x86_64-linux-gnu/11/../../..]
    arg [CMakeFiles/cmTC_1cdb9.dir/CMakeCCompilerABI.c.o] ==> ignore
    arg [-lgcc] ==> lib [gcc]
    arg [--push-state] ==> ignore
    arg [--as-needed] ==> ignore
    arg [-lgcc_s] ==> lib [gcc_s]
    arg [--pop-state] ==> ignore
    arg [-lc] ==> lib [c]
    arg [-lgcc] ==> lib [gcc]
    arg [--push-state] ==> ignore
    arg [--as-needed] ==> ignore
    arg [-lgcc_s] ==> lib [gcc_s]
    arg [--pop-state] ==> ignore
    arg [/usr/lib/gcc/x86_64-linux-gnu/11/crtendS.o] ==> obj [/usr/lib/gcc/x86_64-linux-gnu/11/crtendS.o]
    arg [/usr/lib/gcc/x86_64-linux-gnu/11/../../../x86_64-linux-gnu/crtn.o] ==> obj [/usr/lib/gcc/x86_64-linux-gnu/11/../../../x86_64-linux-gnu/crtn.o]
  collapse obj [/usr/lib/gcc/x86_64-linux-gnu/11/../../../x86_64-linux-gnu/Scrt1.o] ==> [/usr/lib/x86_64-linux-gnu/Scrt1.o]
  collapse obj [/usr/lib/gcc/x86_64-linux-gnu/11/../../../x86_64-linux-gnu/crti.o] ==> [/usr/lib/x86_64-linux-gnu/crti.o]
  collapse obj [/usr/lib/gcc/x86_64-linux-gnu/11/../../../x86_64-linux-gnu/crtn.o] ==> [/usr/lib/x86_64-linux-gnu/crtn.o]
  collapse library dir [/usr/lib/gcc/x86_64-linux-gnu/11] ==> [/usr/lib/gcc/x86_64-linux-gnu/11]
  collapse library dir [/usr/lib/gcc/x86_64-linux-gnu/11/../../../x86_64-linux-gnu] ==> [/usr/lib/x86_64-linux-gnu]
  collapse library dir [/usr/lib/gcc/x86_64-linux-gnu/11/../../../../lib] ==> [/usr/lib]
  collapse library dir [/lib/x86_64-linux-gnu] ==> [/lib/x86_64-linux-gnu]
  collapse library dir [/lib/../lib] ==> [/lib]
  collapse library dir [/usr/lib/x86_64-linux-gnu] ==> [/usr/lib/x86_64-linux-gnu]
  collapse library dir [/usr/lib/../lib] ==> [/usr/lib]
  collapse library dir [/usr/lib/gcc/x86_64-linux-gnu/11/../../..] ==> [/usr/lib]
  implicit libs: [gcc;gcc_s;c;gcc;gcc_s]
  implicit objs: [/usr/lib/x86_64-linux-gnu/Scrt1.o;/usr/lib/x86_64-linux-gnu/crti.o;/usr/lib/gcc/x86_64-linux-gnu/11/crtbeginS.o;/usr/lib/gcc/x86_64-linux-gnu/11/crtendS.o;/usr/lib/x86_64-linux-gnu/crtn.o]
  implicit dirs: [/usr/lib/gcc/x86_64-linux-gnu/11;/usr/lib/x86_64-linux-gnu;/usr/lib;/lib/x86_64-linux-gnu;/lib]
  implicit fwks: []


Determining if files sys/queue.h exist passed with the following output:
Change Dir: /home/it/Desktop/data_channel/libdatachannel/CMakeFiles/CMakeTmp

Run Build Command(s):/usr/bin/gmake -f Makefile cmTC_d995b/fast && /usr/bin/gmake  -f CMakeFiles/cmTC_d995b.dir/build.make CMakeFiles/cmTC_d995b.dir/build
gmake[1]: Entering directory '/home/it/Desktop/data_channel/libdatachannel/CMakeFiles/CMakeTmp'
Building C object CMakeFiles/cmTC_d995b.dir/have_sys_queue_h.c.o
/usr/bin/cc   -fPIE -o CMakeFiles/cmTC_d995b.dir/have_sys_queue_h.c.o -c /home/it/Desktop/data_channel/libdatachannel/CMakeFiles/CheckIncludeFiles/have_sys_queue_h.c
Linking C executable cmTC_d995b
/usr/bin/cmake -E cmake_link_script CMakeFiles/cmTC_d995b.dir/link.txt --verbose=1
/usr/bin/cc -rdynamic CMakeFiles/cmTC_d995b.dir/have_sys_queue_h.c.o -o cmTC_d995b 
gmake[1]: Leaving directory '/home/it/Desktop/data_channel/libdatachannel/CMakeFiles/CMakeTmp'



Determining if files sys/socket.h;linux/if_addr.h exist passed with the following output:
Change Dir: /home/it/Desktop/data_channel/libdatachannel/CMakeFiles/CMakeTmp

Run Build Command(s):/usr/bin/gmake -f Makefile cmTC_8ad85/fast && /usr/bin/gmake  -f CMakeFiles/cmTC_8ad85.dir/build.make CMakeFiles/cmTC_8ad85.dir/build
gmake[1]: Entering directory '/home/it/Desktop/data_channel/libdatachannel/CMakeFiles/CMakeTmp'
Building C object CMakeFiles/cmTC_8ad85.dir/have_linux_if_addr_h.c.o
/usr/bin/cc   -fPIE -o CMakeFiles/cmTC_8ad85.dir/have_linux_if_addr_h.c.o -c /home/it/Desktop/data_channel/libdatachannel/CMakeFiles/CheckIncludeFiles/have_linux_if_addr_h.c
Linking C executable cmTC_8ad85
/usr/bin/cmake -E cmake_link_script CMakeFiles/cmTC_8ad85.dir/link.txt --verbose=1
/usr/bin/cc -rdynamic CMakeFiles/cmTC_8ad85.dir/have_linux_if_addr_h.c.o -o cmTC_8ad85 
gmake[1]: Leaving directory '/home/it/Desktop/data_channel/libdatachannel/CMakeFiles/CMakeTmp'



Determining if files sys/socket.h;linux/rtnetlink.h exist passed with the following output:
Change Dir: /home/it/Desktop/data_channel/libdatachannel/CMakeFiles/CMakeTmp

Run Build Command(s):/usr/bin/gmake -f Makefile cmTC_e5c2d/fast && /usr/bin/gmake  -f CMakeFiles/cmTC_e5c2d.dir/build.make CMakeFiles/cmTC_e5c2d.dir/build
gmake[1]: Entering directory '/home/it/Desktop/data_channel/libdatachannel/CMakeFiles/CMakeTmp'
Building C object CMakeFiles/cmTC_e5c2d.dir/have_linux_rtnetlink_h.c.o
/usr/bin/cc   -fPIE -o CMakeFiles/cmTC_e5c2d.dir/have_linux_rtnetlink_h.c.o -c /home/it/Desktop/data_channel/libdatachannel/CMakeFiles/CheckIncludeFiles/have_linux_rtnetlink_h.c
Linking C executable cmTC_e5c2d
/usr/bin/cmake -E cmake_link_script CMakeFiles/cmTC_e5c2d.dir/link.txt --verbose=1
/usr/bin/cc -rdynamic CMakeFiles/cmTC_e5c2d.dir/have_linux_rtnetlink_h.c.o -o cmTC_e5c2d 
gmake[1]: Leaving directory '/home/it/Desktop/data_channel/libdatachannel/CMakeFiles/CMakeTmp'



Determining if files sys/types.h;netinet/in.h;netinet/ip.h;netinet/ip_icmp.h exist passed with the following output:
Change Dir: /home/it/Desktop/data_channel/libdatachannel/CMakeFiles/CMakeTmp

Run Build Command(s):/usr/bin/gmake -f Makefile cmTC_ef452/fast && /usr/bin/gmake  -f CMakeFiles/cmTC_ef452.dir/build.make CMakeFiles/cmTC_ef452.dir/build
gmake[1]: Entering directory '/home/it/Desktop/data_channel/libdatachannel/CMakeFiles/CMakeTmp'
Building C object CMakeFiles/cmTC_ef452.dir/have_netinet_ip_icmp_h.c.o
/usr/bin/cc   -fPIE -o CMakeFiles/cmTC_ef452.dir/have_netinet_ip_icmp_h.c.o -c /home/it/Desktop/data_channel/libdatachannel/CMakeFiles/CheckIncludeFiles/have_netinet_ip_icmp_h.c
Linking C executable cmTC_ef452
/usr/bin/cmake -E cmake_link_script CMakeFiles/cmTC_ef452.dir/link.txt --verbose=1
/usr/bin/cc -rdynamic CMakeFiles/cmTC_ef452.dir/have_netinet_ip_icmp_h.c.o -o cmTC_ef452 
gmake[1]: Leaving directory '/home/it/Desktop/data_channel/libdatachannel/CMakeFiles/CMakeTmp'



Determining if files sys/types.h;sys/socket.h;net/route.h exist passed with the following output:
Change Dir: /home/it/Desktop/data_channel/libdatachannel/CMakeFiles/CMakeTmp

Run Build Command(s):/usr/bin/gmake -f Makefile cmTC_685fe/fast && /usr/bin/gmake  -f CMakeFiles/cmTC_685fe.dir/build.make CMakeFiles/cmTC_685fe.dir/build
gmake[1]: Entering directory '/home/it/Desktop/data_channel/libdatachannel/CMakeFiles/CMakeTmp'
Building C object CMakeFiles/cmTC_685fe.dir/have_net_route_h.c.o
/usr/bin/cc   -fPIE -o CMakeFiles/cmTC_685fe.dir/have_net_route_h.c.o -c /home/it/Desktop/data_channel/libdatachannel/CMakeFiles/CheckIncludeFiles/have_net_route_h.c
Linking C executable cmTC_685fe
/usr/bin/cmake -E cmake_link_script CMakeFiles/cmTC_685fe.dir/link.txt --verbose=1
/usr/bin/cc -rdynamic CMakeFiles/cmTC_685fe.dir/have_net_route_h.c.o -o cmTC_685fe 
gmake[1]: Leaving directory '/home/it/Desktop/data_channel/libdatachannel/CMakeFiles/CMakeTmp'



Determining if files stdatomic.h exist passed with the following output:
Change Dir: /home/it/Desktop/data_channel/libdatachannel/CMakeFiles/CMakeTmp

Run Build Command(s):/usr/bin/gmake -f Makefile cmTC_fe45e/fast && /usr/bin/gmake  -f CMakeFiles/cmTC_fe45e.dir/build.make CMakeFiles/cmTC_fe45e.dir/build
gmake[1]: Entering directory '/home/it/Desktop/data_channel/libdatachannel/CMakeFiles/CMakeTmp'
Building C object CMakeFiles/cmTC_fe45e.dir/have_stdatomic_h.c.o
/usr/bin/cc   -fPIE -o CMakeFiles/cmTC_fe45e.dir/have_stdatomic_h.c.o -c /home/it/Desktop/data_channel/libdatachannel/CMakeFiles/CheckIncludeFiles/have_stdatomic_h.c
Linking C executable cmTC_fe45e
/usr/bin/cmake -E cmake_link_script CMakeFiles/cmTC_fe45e.dir/link.txt --verbose=1
/usr/bin/cc -rdynamic CMakeFiles/cmTC_fe45e.dir/have_stdatomic_h.c.o -o cmTC_fe45e 
gmake[1]: Leaving directory '/home/it/Desktop/data_channel/libdatachannel/CMakeFiles/CMakeTmp'



Determining if the include file usrsctp.h exists passed with the following output:
Change Dir: /home/it/Desktop/data_channel/libdatachannel/CMakeFiles/CMakeTmp

Run Build Command(s):/usr/bin/gmake -f Makefile cmTC_f95e7/fast && /usr/bin/gmake  -f CMakeFiles/cmTC_f95e7.dir/build.make CMakeFiles/cmTC_f95e7.dir/build
gmake[1]: Entering directory '/home/it/Desktop/data_channel/libdatachannel/CMakeFiles/CMakeTmp'
Building C object CMakeFiles/cmTC_f95e7.dir/CheckIncludeFile.c.o
/usr/bin/cc  -I/home/it/Desktop/data_channel/libdatachannel/deps/usrsctp/usrsctplib -fPIE -o CMakeFiles/cmTC_f95e7.dir/CheckIncludeFile.c.o -c /home/it/Desktop/data_channel/libdatachannel/CMakeFiles/CMakeTmp/CheckIncludeFile.c
Linking C executable cmTC_f95e7
/usr/bin/cmake -E cmake_link_script CMakeFiles/cmTC_f95e7.dir/link.txt --verbose=1
/usr/bin/cc -rdynamic CMakeFiles/cmTC_f95e7.dir/CheckIncludeFile.c.o -o cmTC_f95e7 
gmake[1]: Leaving directory '/home/it/Desktop/data_channel/libdatachannel/CMakeFiles/CMakeTmp'



Performing C SOURCE FILE Test has_wfloat_equal succeeded with the following output:
Change Dir: /home/it/Desktop/data_channel/libdatachannel/CMakeFiles/CMakeTmp

Run Build Command(s):/usr/bin/gmake -f Makefile cmTC_eb718/fast && /usr/bin/gmake  -f CMakeFiles/cmTC_eb718.dir/build.make CMakeFiles/cmTC_eb718.dir/build
gmake[1]: Entering directory '/home/it/Desktop/data_channel/libdatachannel/CMakeFiles/CMakeTmp'
Building C object CMakeFiles/cmTC_eb718.dir/src.c.o
/usr/bin/cc -Dhas_wfloat_equal -I/home/it/Desktop/data_channel/libdatachannel/deps/usrsctp/usrsctplib -std=c99 -pedantic -Wall -Wextra  -fPIE   -Wfloat-equal -o CMakeFiles/cmTC_eb718.dir/src.c.o -c /home/it/Desktop/data_channel/libdatachannel/CMakeFiles/CMakeTmp/src.c
Linking C executable cmTC_eb718
/usr/bin/cmake -E cmake_link_script CMakeFiles/cmTC_eb718.dir/link.txt --verbose=1
/usr/bin/cc  -std=c99 -pedantic -Wall -Wextra  CMakeFiles/cmTC_eb718.dir/src.c.o -o cmTC_eb718 
gmake[1]: Leaving directory '/home/it/Desktop/data_channel/libdatachannel/CMakeFiles/CMakeTmp'


Source file was:
int main(void) { return 0; }
Performing C SOURCE FILE Test has_wshadow succeeded with the following output:
Change Dir: /home/it/Desktop/data_channel/libdatachannel/CMakeFiles/CMakeTmp

Run Build Command(s):/usr/bin/gmake -f Makefile cmTC_d15b0/fast && /usr/bin/gmake  -f CMakeFiles/cmTC_d15b0.dir/build.make CMakeFiles/cmTC_d15b0.dir/build
gmake[1]: Entering directory '/home/it/Desktop/data_channel/libdatachannel/CMakeFiles/CMakeTmp'
Building C object CMakeFiles/cmTC_d15b0.dir/src.c.o
/usr/bin/cc -Dhas_wshadow -I/home/it/Desktop/data_channel/libdatachannel/deps/usrsctp/usrsctplib -std=c99 -pedantic -Wall -Wextra -Wfloat-equal  -fPIE   -Wshadow -o CMakeFiles/cmTC_d15b0.dir/src.c.o -c /home/it/Desktop/data_channel/libdatachannel/CMakeFiles/CMakeTmp/src.c
Linking C executable cmTC_d15b0
/usr/bin/cmake -E cmake_link_script CMakeFiles/cmTC_d15b0.dir/link.txt --verbose=1
/usr/bin/cc  -std=c99 -pedantic -Wall -Wextra -Wfloat-equal  CMakeFiles/cmTC_d15b0.dir/src.c.o -o cmTC_d15b0 
gmake[1]: Leaving directory '/home/it/Desktop/data_channel/libdatachannel/CMakeFiles/CMakeTmp'


Source file was:
int main(void) { return 0; }
Performing C SOURCE FILE Test has_wpointer_aritih succeeded with the following output:
Change Dir: /home/it/Desktop/data_channel/libdatachannel/CMakeFiles/CMakeTmp

Run Build Command(s):/usr/bin/gmake -f Makefile cmTC_c82b9/fast && /usr/bin/gmake  -f CMakeFiles/cmTC_c82b9.dir/build.make CMakeFiles/cmTC_c82b9.dir/build
gmake[1]: Entering directory '/home/it/Desktop/data_channel/libdatachannel/CMakeFiles/CMakeTmp'
Building C object CMakeFiles/cmTC_c82b9.dir/src.c.o
/usr/bin/cc -Dhas_wpointer_aritih -I/home/it/Desktop/data_channel/libdatachannel/deps/usrsctp/usrsctplib -std=c99 -pedantic -Wall -Wextra -Wfloat-equal -Wshadow  -fPIE   -Wpointer-arith -o CMakeFiles/cmTC_c82b9.dir/src.c.o -c /home/it/Desktop/data_channel/libdatachannel/CMakeFiles/CMakeTmp/src.c
Linking C executable cmTC_c82b9
/usr/bin/cmake -E cmake_link_script CMakeFiles/cmTC_c82b9.dir/link.txt --verbose=1
/usr/bin/cc  -std=c99 -pedantic -Wall -Wextra -Wfloat-equal -Wshadow  CMakeFiles/cmTC_c82b9.dir/src.c.o -o cmTC_c82b9 
gmake[1]: Leaving directory '/home/it/Desktop/data_channel/libdatachannel/CMakeFiles/CMakeTmp'


Source file was:
int main(void) { return 0; }
Performing C SOURCE FILE Test has_wunreachable_code succeeded with the following output:
Change Dir: /home/it/Desktop/data_channel/libdatachannel/CMakeFiles/CMakeTmp

Run Build Command(s):/usr/bin/gmake -f Makefile cmTC_81b8c/fast && /usr/bin/gmake  -f CMakeFiles/cmTC_81b8c.dir/build.make CMakeFiles/cmTC_81b8c.dir/build
gmake[1]: Entering directory '/home/it/Desktop/data_channel/libdatachannel/CMakeFiles/CMakeTmp'
Building C object CMakeFiles/cmTC_81b8c.dir/src.c.o
/usr/bin/cc -Dhas_wunreachable_code -I/home/it/Desktop/data_channel/libdatachannel/deps/usrsctp/usrsctplib -std=c99 -pedantic -Wall -Wextra -Wfloat-equal -Wshadow -Wpointer-arith  -fPIE   -Wunreachable-code -o CMakeFiles/cmTC_81b8c.dir/src.c.o -c /home/it/Desktop/data_channel/libdatachannel/CMakeFiles/CMakeTmp/src.c
Linking C executable cmTC_81b8c
/usr/bin/cmake -E cmake_link_script CMakeFiles/cmTC_81b8c.dir/link.txt --verbose=1
/usr/bin/cc  -std=c99 -pedantic -Wall -Wextra -Wfloat-equal -Wshadow -Wpointer-arith  CMakeFiles/cmTC_81b8c.dir/src.c.o -o cmTC_81b8c 
gmake[1]: Leaving directory '/home/it/Desktop/data_channel/libdatachannel/CMakeFiles/CMakeTmp'


Source file was:
int main(void) { return 0; }
Performing C SOURCE FILE Test has_winit_self succeeded with the following output:
Change Dir: /home/it/Desktop/data_channel/libdatachannel/CMakeFiles/CMakeTmp

Run Build Command(s):/usr/bin/gmake -f Makefile cmTC_4845c/fast && /usr/bin/gmake  -f CMakeFiles/cmTC_4845c.dir/build.make CMakeFiles/cmTC_4845c.dir/build
gmake[1]: Entering directory '/home/it/Desktop/data_channel/libdatachannel/CMakeFiles/CMakeTmp'
Building C object CMakeFiles/cmTC_4845c.dir/src.c.o
/usr/bin/cc -Dhas_winit_self -I/home/it/Desktop/data_channel/libdatachannel/deps/usrsctp/usrsctplib -std=c99 -pedantic -Wall -Wextra -Wfloat-equal -Wshadow -Wpointer-arith -Wunreachable-code  -fPIE   -Winit-self -o CMakeFiles/cmTC_4845c.dir/src.c.o -c /home/it/Desktop/data_channel/libdatachannel/CMakeFiles/CMakeTmp/src.c
Linking C executable cmTC_4845c
/usr/bin/cmake -E cmake_link_script CMakeFiles/cmTC_4845c.dir/link.txt --verbose=1
/usr/bin/cc  -std=c99 -pedantic -Wall -Wextra -Wfloat-equal -Wshadow -Wpointer-arith -Wunreachable-code  CMakeFiles/cmTC_4845c.dir/src.c.o -o cmTC_4845c 
gmake[1]: Leaving directory '/home/it/Desktop/data_channel/libdatachannel/CMakeFiles/CMakeTmp'


Source file was:
int main(void) { return 0; }
Performing C SOURCE FILE Test has_wno_unused_function succeeded with the following output:
Change Dir: /home/it/Desktop/data_channel/libdatachannel/CMakeFiles/CMakeTmp

Run Build Command(s):/usr/bin/gmake -f Makefile cmTC_14653/fast && /usr/bin/gmake  -f CMakeFiles/cmTC_14653.dir/build.make CMakeFiles/cmTC_14653.dir/build
gmake[1]: Entering directory '/home/it/Desktop/data_channel/libdatachannel/CMakeFiles/CMakeTmp'
Building C object CMakeFiles/cmTC_14653.dir/src.c.o
/usr/bin/cc -Dhas_wno_unused_function -I/home/it/Desktop/data_channel/libdatachannel/deps/usrsctp/usrsctplib -std=c99 -pedantic -Wall -Wextra -Wfloat-equal -Wshadow -Wpointer-arith -Wunreachable-code -Winit-self  -fPIE   -Wno-unused-function -o CMakeFiles/cmTC_14653.dir/src.c.o -c /home/it/Desktop/data_channel/libdatachannel/CMakeFiles/CMakeTmp/src.c
Linking C executable cmTC_14653
/usr/bin/cmake -E cmake_link_script CMakeFiles/cmTC_14653.dir/link.txt --verbose=1
/usr/bin/cc  -std=c99 -pedantic -Wall -Wextra -Wfloat-equal -Wshadow -Wpointer-arith -Wunreachable-code -Winit-self  CMakeFiles/cmTC_14653.dir/src.c.o -o cmTC_14653 
gmake[1]: Leaving directory '/home/it/Desktop/data_channel/libdatachannel/CMakeFiles/CMakeTmp'


Source file was:
int main(void) { return 0; }
Performing C SOURCE FILE Test has_wno_unused_parameter succeeded with the following output:
Change Dir: /home/it/Desktop/data_channel/libdatachannel/CMakeFiles/CMakeTmp

Run Build Command(s):/usr/bin/gmake -f Makefile cmTC_90a5d/fast && /usr/bin/gmake  -f CMakeFiles/cmTC_90a5d.dir/build.make CMakeFiles/cmTC_90a5d.dir/build
gmake[1]: Entering directory '/home/it/Desktop/data_channel/libdatachannel/CMakeFiles/CMakeTmp'
Building C object CMakeFiles/cmTC_90a5d.dir/src.c.o
/usr/bin/cc -Dhas_wno_unused_parameter -I/home/it/Desktop/data_channel/libdatachannel/deps/usrsctp/usrsctplib -std=c99 -pedantic -Wall -Wextra -Wfloat-equal -Wshadow -Wpointer-arith -Wunreachable-code -Winit-self -Wno-unused-function  -fPIE   -Wno-unused-parameter -o CMakeFiles/cmTC_90a5d.dir/src.c.o -c /home/it/Desktop/data_channel/libdatachannel/CMakeFiles/CMakeTmp/src.c
Linking C executable cmTC_90a5d
/usr/bin/cmake -E cmake_link_script CMakeFiles/cmTC_90a5d.dir/link.txt --verbose=1
/usr/bin/cc  -std=c99 -pedantic -Wall -Wextra -Wfloat-equal -Wshadow -Wpointer-arith -Wunreachable-code -Winit-self -Wno-unused-function  CMakeFiles/cmTC_90a5d.dir/src.c.o -o cmTC_90a5d 
gmake[1]: Leaving directory '/home/it/Desktop/data_channel/libdatachannel/CMakeFiles/CMakeTmp'


Source file was:
int main(void) { return 0; }
Performing C SOURCE FILE Test has_wno_unreachable_code succeeded with the following output:
Change Dir: /home/it/Desktop/data_channel/libdatachannel/CMakeFiles/CMakeTmp

Run Build Command(s):/usr/bin/gmake -f Makefile cmTC_ad88b/fast && /usr/bin/gmake  -f CMakeFiles/cmTC_ad88b.dir/build.make CMakeFiles/cmTC_ad88b.dir/build
gmake[1]: Entering directory '/home/it/Desktop/data_channel/libdatachannel/CMakeFiles/CMakeTmp'
Building C object CMakeFiles/cmTC_ad88b.dir/src.c.o
/usr/bin/cc -Dhas_wno_unreachable_code -I/home/it/Desktop/data_channel/libdatachannel/deps/usrsctp/usrsctplib -std=c99 -pedantic -Wall -Wextra -Wfloat-equal -Wshadow -Wpointer-arith -Wunreachable-code -Winit-self -Wno-unused-function -Wno-unused-parameter  -fPIE   -Wno-unreachable-code -o CMakeFiles/cmTC_ad88b.dir/src.c.o -c /home/it/Desktop/data_channel/libdatachannel/CMakeFiles/CMakeTmp/src.c
Linking C executable cmTC_ad88b
/usr/bin/cmake -E cmake_link_script CMakeFiles/cmTC_ad88b.dir/link.txt --verbose=1
/usr/bin/cc  -std=c99 -pedantic -Wall -Wextra -Wfloat-equal -Wshadow -Wpointer-arith -Wunreachable-code -Winit-self -Wno-unused-function -Wno-unused-parameter  CMakeFiles/cmTC_ad88b.dir/src.c.o -o cmTC_ad88b 
gmake[1]: Leaving directory '/home/it/Desktop/data_channel/libdatachannel/CMakeFiles/CMakeTmp'


Source file was:
int main(void) { return 0; }
Performing C SOURCE FILE Test has_wstrict_prototypes succeeded with the following output:
Change Dir: /home/it/Desktop/data_channel/libdatachannel/CMakeFiles/CMakeTmp

Run Build Command(s):/usr/bin/gmake -f Makefile cmTC_24bde/fast && /usr/bin/gmake  -f CMakeFiles/cmTC_24bde.dir/build.make CMakeFiles/cmTC_24bde.dir/build
gmake[1]: Entering directory '/home/it/Desktop/data_channel/libdatachannel/CMakeFiles/CMakeTmp'
Building C object CMakeFiles/cmTC_24bde.dir/src.c.o
/usr/bin/cc -Dhas_wstrict_prototypes -I/home/it/Desktop/data_channel/libdatachannel/deps/usrsctp/usrsctplib -std=c99 -pedantic -Wall -Wextra -Wfloat-equal -Wshadow -Wpointer-arith -Wunreachable-code -Winit-self -Wno-unused-function -Wno-unused-parameter -Wno-unreachable-code  -fPIE   -Wstrict-prototypes -o CMakeFiles/cmTC_24bde.dir/src.c.o -c /home/it/Desktop/data_channel/libdatachannel/CMakeFiles/CMakeTmp/src.c
Linking C executable cmTC_24bde
/usr/bin/cmake -E cmake_link_script CMakeFiles/cmTC_24bde.dir/link.txt --verbose=1
/usr/bin/cc  -std=c99 -pedantic -Wall -Wextra -Wfloat-equal -Wshadow -Wpointer-arith -Wunreachable-code -Winit-self -Wno-unused-function -Wno-unused-parameter -Wno-unreachable-code  CMakeFiles/cmTC_24bde.dir/src.c.o -o cmTC_24bde 
gmake[1]: Leaving directory '/home/it/Desktop/data_channel/libdatachannel/CMakeFiles/CMakeTmp'


Source file was:
int main(void) { return 0; }
Performing C SOURCE FILE Test has_wno_address_of_packed_member succeeded with the following output:
Change Dir: /home/it/Desktop/data_channel/libdatachannel/CMakeFiles/CMakeTmp

Run Build Command(s):/usr/bin/gmake -f Makefile cmTC_a9945/fast && /usr/bin/gmake  -f CMakeFiles/cmTC_a9945.dir/build.make CMakeFiles/cmTC_a9945.dir/build
gmake[1]: Entering directory '/home/it/Desktop/data_channel/libdatachannel/CMakeFiles/CMakeTmp'
Building C object CMakeFiles/cmTC_a9945.dir/src.c.o
/usr/bin/cc -Dhas_wno_address_of_packed_member -I/home/it/Desktop/data_channel/libdatachannel/deps/usrsctp/usrsctplib -std=c99 -pedantic -Wall -Wextra -Wfloat-equal -Wshadow -Wpointer-arith -Wunreachable-code -Winit-self -Wno-unused-function -Wno-unused-parameter -Wno-unreachable-code -Wstrict-prototypes  -fPIE   -Wno-address-of-packed-member -o CMakeFiles/cmTC_a9945.dir/src.c.o -c /home/it/Desktop/data_channel/libdatachannel/CMakeFiles/CMakeTmp/src.c
Linking C executable cmTC_a9945
/usr/bin/cmake -E cmake_link_script CMakeFiles/cmTC_a9945.dir/link.txt --verbose=1
/usr/bin/cc  -std=c99 -pedantic -Wall -Wextra -Wfloat-equal -Wshadow -Wpointer-arith -Wunreachable-code -Winit-self -Wno-unused-function -Wno-unused-parameter -Wno-unreachable-code -Wstrict-prototypes  CMakeFiles/cmTC_a9945.dir/src.c.o -o cmTC_a9945 
gmake[1]: Leaving directory '/home/it/Desktop/data_channel/libdatachannel/CMakeFiles/CMakeTmp'


Source file was:
int main(void) { return 0; }
Performing C SOURCE FILE Test has_wno_deprecated_declarations succeeded with the following output:
Change Dir: /home/it/Desktop/data_channel/libdatachannel/CMakeFiles/CMakeTmp

Run Build Command(s):/usr/bin/gmake -f Makefile cmTC_96c39/fast && /usr/bin/gmake  -f CMakeFiles/cmTC_96c39.dir/build.make CMakeFiles/cmTC_96c39.dir/build
gmake[1]: Entering directory '/home/it/Desktop/data_channel/libdatachannel/CMakeFiles/CMakeTmp'
Building C object CMakeFiles/cmTC_96c39.dir/src.c.o
/usr/bin/cc -Dhas_wno_deprecated_declarations -I/home/it/Desktop/data_channel/libdatachannel/deps/usrsctp/usrsctplib -std=c99 -pedantic -Wall -Wextra -Wfloat-equal -Wshadow -Wpointer-arith -Wunreachable-code -Winit-self -Wno-unused-function -Wno-unused-parameter -Wno-unreachable-code -Wstrict-prototypes -Wno-address-of-packed-member  -fPIE   -Wno-deprecated-declarations -o CMakeFiles/cmTC_96c39.dir/src.c.o -c /home/it/Desktop/data_channel/libdatachannel/CMakeFiles/CMakeTmp/src.c
Linking C executable cmTC_96c39
/usr/bin/cmake -E cmake_link_script CMakeFiles/cmTC_96c39.dir/link.txt --verbose=1
/usr/bin/cc  -std=c99 -pedantic -Wall -Wextra -Wfloat-equal -Wshadow -Wpointer-arith -Wunreachable-code -Winit-self -Wno-unused-function -Wno-unused-parameter -Wno-unreachable-code -Wstrict-prototypes -Wno-address-of-packed-member  CMakeFiles/cmTC_96c39.dir/src.c.o -o cmTC_96c39 
gmake[1]: Leaving directory '/home/it/Desktop/data_channel/libdatachannel/CMakeFiles/CMakeTmp'


Source file was:
int main(void) { return 0; }
Determining if the include file arpa/inet.h exists passed with the following output:
Change Dir: /home/it/Desktop/data_channel/libdatachannel/CMakeFiles/CMakeTmp

Run Build Command(s):/usr/bin/gmake -f Makefile cmTC_61835/fast && /usr/bin/gmake  -f CMakeFiles/cmTC_61835.dir/build.make CMakeFiles/cmTC_61835.dir/build
gmake[1]: Entering directory '/home/it/Desktop/data_channel/libdatachannel/CMakeFiles/CMakeTmp'
Building C object CMakeFiles/cmTC_61835.dir/CheckIncludeFile.c.o
/usr/bin/cc   -fPIE -o CMakeFiles/cmTC_61835.dir/CheckIncludeFile.c.o -c /home/it/Desktop/data_channel/libdatachannel/CMakeFiles/CMakeTmp/CheckIncludeFile.c
Linking C executable cmTC_61835
/usr/bin/cmake -E cmake_link_script CMakeFiles/cmTC_61835.dir/link.txt --verbose=1
/usr/bin/cc -rdynamic CMakeFiles/cmTC_61835.dir/CheckIncludeFile.c.o -o cmTC_61835 
gmake[1]: Leaving directory '/home/it/Desktop/data_channel/libdatachannel/CMakeFiles/CMakeTmp'



Determining if the include file byteswap.h exists passed with the following output:
Change Dir: /home/it/Desktop/data_channel/libdatachannel/CMakeFiles/CMakeTmp

Run Build Command(s):/usr/bin/gmake -f Makefile cmTC_1efc2/fast && /usr/bin/gmake  -f CMakeFiles/cmTC_1efc2.dir/build.make CMakeFiles/cmTC_1efc2.dir/build
gmake[1]: Entering directory '/home/it/Desktop/data_channel/libdatachannel/CMakeFiles/CMakeTmp'
Building C object CMakeFiles/cmTC_1efc2.dir/CheckIncludeFile.c.o
/usr/bin/cc   -fPIE -o CMakeFiles/cmTC_1efc2.dir/CheckIncludeFile.c.o -c /home/it/Desktop/data_channel/libdatachannel/CMakeFiles/CMakeTmp/CheckIncludeFile.c
Linking C executable cmTC_1efc2
/usr/bin/cmake -E cmake_link_script CMakeFiles/cmTC_1efc2.dir/link.txt --verbose=1
/usr/bin/cc -rdynamic CMakeFiles/cmTC_1efc2.dir/CheckIncludeFile.c.o -o cmTC_1efc2 
gmake[1]: Leaving directory '/home/it/Desktop/data_channel/libdatachannel/CMakeFiles/CMakeTmp'



Determining if the include file inttypes.h exists passed with the following output:
Change Dir: /home/it/Desktop/data_channel/libdatachannel/CMakeFiles/CMakeTmp

Run Build Command(s):/usr/bin/gmake -f Makefile cmTC_7a0a4/fast && /usr/bin/gmake  -f CMakeFiles/cmTC_7a0a4.dir/build.make CMakeFiles/cmTC_7a0a4.dir/build
gmake[1]: Entering directory '/home/it/Desktop/data_channel/libdatachannel/CMakeFiles/CMakeTmp'
Building C object CMakeFiles/cmTC_7a0a4.dir/CheckIncludeFile.c.o
/usr/bin/cc   -fPIE -o CMakeFiles/cmTC_7a0a4.dir/CheckIncludeFile.c.o -c /home/it/Desktop/data_channel/libdatachannel/CMakeFiles/CMakeTmp/CheckIncludeFile.c
Linking C executable cmTC_7a0a4
/usr/bin/cmake -E cmake_link_script CMakeFiles/cmTC_7a0a4.dir/link.txt --verbose=1
/usr/bin/cc -rdynamic CMakeFiles/cmTC_7a0a4.dir/CheckIncludeFile.c.o -o cmTC_7a0a4 
gmake[1]: Leaving directory '/home/it/Desktop/data_channel/libdatachannel/CMakeFiles/CMakeTmp'



Determining if the include file netinet/in.h exists passed with the following output:
Change Dir: /home/it/Desktop/data_channel/libdatachannel/CMakeFiles/CMakeTmp

Run Build Command(s):/usr/bin/gmake -f Makefile cmTC_1b0c9/fast && /usr/bin/gmake  -f CMakeFiles/cmTC_1b0c9.dir/build.make CMakeFiles/cmTC_1b0c9.dir/build
gmake[1]: Entering directory '/home/it/Desktop/data_channel/libdatachannel/CMakeFiles/CMakeTmp'
Building C object CMakeFiles/cmTC_1b0c9.dir/CheckIncludeFile.c.o
/usr/bin/cc   -fPIE -o CMakeFiles/cmTC_1b0c9.dir/CheckIncludeFile.c.o -c /home/it/Desktop/data_channel/libdatachannel/CMakeFiles/CMakeTmp/CheckIncludeFile.c
Linking C executable cmTC_1b0c9
/usr/bin/cmake -E cmake_link_script CMakeFiles/cmTC_1b0c9.dir/link.txt --verbose=1
/usr/bin/cc -rdynamic CMakeFiles/cmTC_1b0c9.dir/CheckIncludeFile.c.o -o cmTC_1b0c9 
gmake[1]: Leaving directory '/home/it/Desktop/data_channel/libdatachannel/CMakeFiles/CMakeTmp'



Determining if the include file stdint.h exists passed with the following output:
Change Dir: /home/it/Desktop/data_channel/libdatachannel/CMakeFiles/CMakeTmp

Run Build Command(s):/usr/bin/gmake -f Makefile cmTC_19d78/fast && /usr/bin/gmake  -f CMakeFiles/cmTC_19d78.dir/build.make CMakeFiles/cmTC_19d78.dir/build
gmake[1]: Entering directory '/home/it/Desktop/data_channel/libdatachannel/CMakeFiles/CMakeTmp'
Building C object CMakeFiles/cmTC_19d78.dir/CheckIncludeFile.c.o
/usr/bin/cc   -fPIE -o CMakeFiles/cmTC_19d78.dir/CheckIncludeFile.c.o -c /home/it/Desktop/data_channel/libdatachannel/CMakeFiles/CMakeTmp/CheckIncludeFile.c
Linking C executable cmTC_19d78
/usr/bin/cmake -E cmake_link_script CMakeFiles/cmTC_19d78.dir/link.txt --verbose=1
/usr/bin/cc -rdynamic CMakeFiles/cmTC_19d78.dir/CheckIncludeFile.c.o -o cmTC_19d78 
gmake[1]: Leaving directory '/home/it/Desktop/data_channel/libdatachannel/CMakeFiles/CMakeTmp'



Determining if the include file stdlib.h exists passed with the following output:
Change Dir: /home/it/Desktop/data_channel/libdatachannel/CMakeFiles/CMakeTmp

Run Build Command(s):/usr/bin/gmake -f Makefile cmTC_b94ff/fast && /usr/bin/gmake  -f CMakeFiles/cmTC_b94ff.dir/build.make CMakeFiles/cmTC_b94ff.dir/build
gmake[1]: Entering directory '/home/it/Desktop/data_channel/libdatachannel/CMakeFiles/CMakeTmp'
Building C object CMakeFiles/cmTC_b94ff.dir/CheckIncludeFile.c.o
/usr/bin/cc   -fPIE -o CMakeFiles/cmTC_b94ff.dir/CheckIncludeFile.c.o -c /home/it/Desktop/data_channel/libdatachannel/CMakeFiles/CMakeTmp/CheckIncludeFile.c
Linking C executable cmTC_b94ff
/usr/bin/cmake -E cmake_link_script CMakeFiles/cmTC_b94ff.dir/link.txt --verbose=1
/usr/bin/cc -rdynamic CMakeFiles/cmTC_b94ff.dir/CheckIncludeFile.c.o -o cmTC_b94ff 
gmake[1]: Leaving directory '/home/it/Desktop/data_channel/libdatachannel/CMakeFiles/CMakeTmp'



Determining if the include file sys/socket.h exists passed with the following output:
Change Dir: /home/it/Desktop/data_channel/libdatachannel/CMakeFiles/CMakeTmp

Run Build Command(s):/usr/bin/gmake -f Makefile cmTC_32b57/fast && /usr/bin/gmake  -f CMakeFiles/cmTC_32b57.dir/build.make CMakeFiles/cmTC_32b57.dir/build
gmake[1]: Entering directory '/home/it/Desktop/data_channel/libdatachannel/CMakeFiles/CMakeTmp'
Building C object CMakeFiles/cmTC_32b57.dir/CheckIncludeFile.c.o
/usr/bin/cc   -fPIE -o CMakeFiles/cmTC_32b57.dir/CheckIncludeFile.c.o -c /home/it/Desktop/data_channel/libdatachannel/CMakeFiles/CMakeTmp/CheckIncludeFile.c
Linking C executable cmTC_32b57
/usr/bin/cmake -E cmake_link_script CMakeFiles/cmTC_32b57.dir/link.txt --verbose=1
/usr/bin/cc -rdynamic CMakeFiles/cmTC_32b57.dir/CheckIncludeFile.c.o -o cmTC_32b57 
gmake[1]: Leaving directory '/home/it/Desktop/data_channel/libdatachannel/CMakeFiles/CMakeTmp'



Determining if the include file sys/types.h exists passed with the following output:
Change Dir: /home/it/Desktop/data_channel/libdatachannel/CMakeFiles/CMakeTmp

Run Build Command(s):/usr/bin/gmake -f Makefile cmTC_04962/fast && /usr/bin/gmake  -f CMakeFiles/cmTC_04962.dir/build.make CMakeFiles/cmTC_04962.dir/build
gmake[1]: Entering directory '/home/it/Desktop/data_channel/libdatachannel/CMakeFiles/CMakeTmp'
Building C object CMakeFiles/cmTC_04962.dir/CheckIncludeFile.c.o
/usr/bin/cc   -fPIE -o CMakeFiles/cmTC_04962.dir/CheckIncludeFile.c.o -c /home/it/Desktop/data_channel/libdatachannel/CMakeFiles/CMakeTmp/CheckIncludeFile.c
Linking C executable cmTC_04962
/usr/bin/cmake -E cmake_link_script CMakeFiles/cmTC_04962.dir/link.txt --verbose=1
/usr/bin/cc -rdynamic CMakeFiles/cmTC_04962.dir/CheckIncludeFile.c.o -o cmTC_04962 
gmake[1]: Leaving directory '/home/it/Desktop/data_channel/libdatachannel/CMakeFiles/CMakeTmp'



Determining if the include file unistd.h exists passed with the following output:
Change Dir: /home/it/Desktop/data_channel/libdatachannel/CMakeFiles/CMakeTmp

Run Build Command(s):/usr/bin/gmake -f Makefile cmTC_792ff/fast && /usr/bin/gmake  -f CMakeFiles/cmTC_792ff.dir/build.make CMakeFiles/cmTC_792ff.dir/build
gmake[1]: Entering directory '/home/it/Desktop/data_channel/libdatachannel/CMakeFiles/CMakeTmp'
Building C object CMakeFiles/cmTC_792ff.dir/CheckIncludeFile.c.o
/usr/bin/cc   -fPIE -o CMakeFiles/cmTC_792ff.dir/CheckIncludeFile.c.o -c /home/it/Desktop/data_channel/libdatachannel/CMakeFiles/CMakeTmp/CheckIncludeFile.c
Linking C executable cmTC_792ff
/usr/bin/cmake -E cmake_link_script CMakeFiles/cmTC_792ff.dir/link.txt --verbose=1
/usr/bin/cc -rdynamic CMakeFiles/cmTC_792ff.dir/CheckIncludeFile.c.o -o cmTC_792ff 
gmake[1]: Leaving directory '/home/it/Desktop/data_channel/libdatachannel/CMakeFiles/CMakeTmp'



Determining if the function sigaction exists passed with the following output:
Change Dir: /home/it/Desktop/data_channel/libdatachannel/CMakeFiles/CMakeTmp

Run Build Command(s):/usr/bin/gmake -f Makefile cmTC_ac3ee/fast && /usr/bin/gmake  -f CMakeFiles/cmTC_ac3ee.dir/build.make CMakeFiles/cmTC_ac3ee.dir/build
gmake[1]: Entering directory '/home/it/Desktop/data_channel/libdatachannel/CMakeFiles/CMakeTmp'
Building C object CMakeFiles/cmTC_ac3ee.dir/CheckFunctionExists.c.o
/usr/bin/cc   -DCHECK_FUNCTION_EXISTS=sigaction -fPIE -o CMakeFiles/cmTC_ac3ee.dir/CheckFunctionExists.c.o -c /usr/share/cmake-3.22/Modules/CheckFunctionExists.c
Linking C executable cmTC_ac3ee
/usr/bin/cmake -E cmake_link_script CMakeFiles/cmTC_ac3ee.dir/link.txt --verbose=1
/usr/bin/cc  -DCHECK_FUNCTION_EXISTS=sigaction CMakeFiles/cmTC_ac3ee.dir/CheckFunctionExists.c.o -o cmTC_ac3ee 
gmake[1]: Leaving directory '/home/it/Desktop/data_channel/libdatachannel/CMakeFiles/CMakeTmp'



Determining if the function inet_aton exists passed with the following output:
Change Dir: /home/it/Desktop/data_channel/libdatachannel/CMakeFiles/CMakeTmp

Run Build Command(s):/usr/bin/gmake -f Makefile cmTC_d62dd/fast && /usr/bin/gmake  -f CMakeFiles/cmTC_d62dd.dir/build.make CMakeFiles/cmTC_d62dd.dir/build
gmake[1]: Entering directory '/home/it/Desktop/data_channel/libdatachannel/CMakeFiles/CMakeTmp'
Building C object CMakeFiles/cmTC_d62dd.dir/CheckFunctionExists.c.o
/usr/bin/cc   -DCHECK_FUNCTION_EXISTS=inet_aton -fPIE -o CMakeFiles/cmTC_d62dd.dir/CheckFunctionExists.c.o -c /usr/share/cmake-3.22/Modules/CheckFunctionExists.c
Linking C executable cmTC_d62dd
/usr/bin/cmake -E cmake_link_script CMakeFiles/cmTC_d62dd.dir/link.txt --verbose=1
/usr/bin/cc  -DCHECK_FUNCTION_EXISTS=inet_aton CMakeFiles/cmTC_d62dd.dir/CheckFunctionExists.c.o -o cmTC_d62dd 
gmake[1]: Leaving directory '/home/it/Desktop/data_channel/libdatachannel/CMakeFiles/CMakeTmp'



Determining if the function inet_pton exists passed with the following output:
Change Dir: /home/it/Desktop/data_channel/libdatachannel/CMakeFiles/CMakeTmp

Run Build Command(s):/usr/bin/gmake -f Makefile cmTC_25069/fast && /usr/bin/gmake  -f CMakeFiles/cmTC_25069.dir/build.make CMakeFiles/cmTC_25069.dir/build
gmake[1]: Entering directory '/home/it/Desktop/data_channel/libdatachannel/CMakeFiles/CMakeTmp'
Building C object CMakeFiles/cmTC_25069.dir/CheckFunctionExists.c.o
/usr/bin/cc   -DCHECK_FUNCTION_EXISTS=inet_pton -fPIE -o CMakeFiles/cmTC_25069.dir/CheckFunctionExists.c.o -c /usr/share/cmake-3.22/Modules/CheckFunctionExists.c
Linking C executable cmTC_25069
/usr/bin/cmake -E cmake_link_script CMakeFiles/cmTC_25069.dir/link.txt --verbose=1
/usr/bin/cc  -DCHECK_FUNCTION_EXISTS=inet_pton CMakeFiles/cmTC_25069.dir/CheckFunctionExists.c.o -o cmTC_25069 
gmake[1]: Leaving directory '/home/it/Desktop/data_channel/libdatachannel/CMakeFiles/CMakeTmp'



Determining if the function usleep exists passed with the following output:
Change Dir: /home/it/Desktop/data_channel/libdatachannel/CMakeFiles/CMakeTmp

Run Build Command(s):/usr/bin/gmake -f Makefile cmTC_05e80/fast && /usr/bin/gmake  -f CMakeFiles/cmTC_05e80.dir/build.make CMakeFiles/cmTC_05e80.dir/build
gmake[1]: Entering directory '/home/it/Desktop/data_channel/libdatachannel/CMakeFiles/CMakeTmp'
Building C object CMakeFiles/cmTC_05e80.dir/CheckFunctionExists.c.o
/usr/bin/cc   -DCHECK_FUNCTION_EXISTS=usleep -fPIE -o CMakeFiles/cmTC_05e80.dir/CheckFunctionExists.c.o -c /usr/share/cmake-3.22/Modules/CheckFunctionExists.c
Linking C executable cmTC_05e80
/usr/bin/cmake -E cmake_link_script CMakeFiles/cmTC_05e80.dir/link.txt --verbose=1
/usr/bin/cc  -DCHECK_FUNCTION_EXISTS=usleep CMakeFiles/cmTC_05e80.dir/CheckFunctionExists.c.o -o cmTC_05e80 
gmake[1]: Leaving directory '/home/it/Desktop/data_channel/libdatachannel/CMakeFiles/CMakeTmp'



Determining if the include file stddef.h exists passed with the following output:
Change Dir: /home/it/Desktop/data_channel/libdatachannel/CMakeFiles/CMakeTmp

Run Build Command(s):/usr/bin/gmake -f Makefile cmTC_c0662/fast && /usr/bin/gmake  -f CMakeFiles/cmTC_c0662.dir/build.make CMakeFiles/cmTC_c0662.dir/build
gmake[1]: Entering directory '/home/it/Desktop/data_channel/libdatachannel/CMakeFiles/CMakeTmp'
Building C object CMakeFiles/cmTC_c0662.dir/CheckIncludeFile.c.o
/usr/bin/cc   -fPIE -o CMakeFiles/cmTC_c0662.dir/CheckIncludeFile.c.o -c /home/it/Desktop/data_channel/libdatachannel/CMakeFiles/CMakeTmp/CheckIncludeFile.c
Linking C executable cmTC_c0662
/usr/bin/cmake -E cmake_link_script CMakeFiles/cmTC_c0662.dir/link.txt --verbose=1
/usr/bin/cc -rdynamic CMakeFiles/cmTC_c0662.dir/CheckIncludeFile.c.o -o cmTC_c0662 
gmake[1]: Leaving directory '/home/it/Desktop/data_channel/libdatachannel/CMakeFiles/CMakeTmp'



Determining size of uint8_t passed with the following output:
Change Dir: /home/it/Desktop/data_channel/libdatachannel/CMakeFiles/CMakeTmp

Run Build Command(s):/usr/bin/gmake -f Makefile cmTC_ffbed/fast && /usr/bin/gmake  -f CMakeFiles/cmTC_ffbed.dir/build.make CMakeFiles/cmTC_ffbed.dir/build
gmake[1]: Entering directory '/home/it/Desktop/data_channel/libdatachannel/CMakeFiles/CMakeTmp'
Building C object CMakeFiles/cmTC_ffbed.dir/UINT8_T.c.o
/usr/bin/cc   -fPIE -o CMakeFiles/cmTC_ffbed.dir/UINT8_T.c.o -c /home/it/Desktop/data_channel/libdatachannel/CMakeFiles/CheckTypeSize/UINT8_T.c
Linking C executable cmTC_ffbed
/usr/bin/cmake -E cmake_link_script CMakeFiles/cmTC_ffbed.dir/link.txt --verbose=1
/usr/bin/cc CMakeFiles/cmTC_ffbed.dir/UINT8_T.c.o -o cmTC_ffbed 
gmake[1]: Leaving directory '/home/it/Desktop/data_channel/libdatachannel/CMakeFiles/CMakeTmp'



Determining size of uint16_t passed with the following output:
Change Dir: /home/it/Desktop/data_channel/libdatachannel/CMakeFiles/CMakeTmp

Run Build Command(s):/usr/bin/gmake -f Makefile cmTC_9f16d/fast && /usr/bin/gmake  -f CMakeFiles/cmTC_9f16d.dir/build.make CMakeFiles/cmTC_9f16d.dir/build
gmake[1]: Entering directory '/home/it/Desktop/data_channel/libdatachannel/CMakeFiles/CMakeTmp'
Building C object CMakeFiles/cmTC_9f16d.dir/UINT16_T.c.o
/usr/bin/cc   -fPIE -o CMakeFiles/cmTC_9f16d.dir/UINT16_T.c.o -c /home/it/Desktop/data_channel/libdatachannel/CMakeFiles/CheckTypeSize/UINT16_T.c
Linking C executable cmTC_9f16d
/usr/bin/cmake -E cmake_link_script CMakeFiles/cmTC_9f16d.dir/link.txt --verbose=1
/usr/bin/cc CMakeFiles/cmTC_9f16d.dir/UINT16_T.c.o -o cmTC_9f16d 
gmake[1]: Leaving directory '/home/it/Desktop/data_channel/libdatachannel/CMakeFiles/CMakeTmp'



Determining size of uint32_t passed with the following output:
Change Dir: /home/it/Desktop/data_channel/libdatachannel/CMakeFiles/CMakeTmp

Run Build Command(s):/usr/bin/gmake -f Makefile cmTC_45289/fast && /usr/bin/gmake  -f CMakeFiles/cmTC_45289.dir/build.make CMakeFiles/cmTC_45289.dir/build
gmake[1]: Entering directory '/home/it/Desktop/data_channel/libdatachannel/CMakeFiles/CMakeTmp'
Building C object CMakeFiles/cmTC_45289.dir/UINT32_T.c.o
/usr/bin/cc   -fPIE -o CMakeFiles/cmTC_45289.dir/UINT32_T.c.o -c /home/it/Desktop/data_channel/libdatachannel/CMakeFiles/CheckTypeSize/UINT32_T.c
Linking C executable cmTC_45289
/usr/bin/cmake -E cmake_link_script CMakeFiles/cmTC_45289.dir/link.txt --verbose=1
/usr/bin/cc CMakeFiles/cmTC_45289.dir/UINT32_T.c.o -o cmTC_45289 
gmake[1]: Leaving directory '/home/it/Desktop/data_channel/libdatachannel/CMakeFiles/CMakeTmp'



Determining size of uint64_t passed with the following output:
Change Dir: /home/it/Desktop/data_channel/libdatachannel/CMakeFiles/CMakeTmp

Run Build Command(s):/usr/bin/gmake -f Makefile cmTC_b5091/fast && /usr/bin/gmake  -f CMakeFiles/cmTC_b5091.dir/build.make CMakeFiles/cmTC_b5091.dir/build
gmake[1]: Entering directory '/home/it/Desktop/data_channel/libdatachannel/CMakeFiles/CMakeTmp'
Building C object CMakeFiles/cmTC_b5091.dir/UINT64_T.c.o
/usr/bin/cc   -fPIE -o CMakeFiles/cmTC_b5091.dir/UINT64_T.c.o -c /home/it/Desktop/data_channel/libdatachannel/CMakeFiles/CheckTypeSize/UINT64_T.c
Linking C executable cmTC_b5091
/usr/bin/cmake -E cmake_link_script CMakeFiles/cmTC_b5091.dir/link.txt --verbose=1
/usr/bin/cc CMakeFiles/cmTC_b5091.dir/UINT64_T.c.o -o cmTC_b5091 
gmake[1]: Leaving directory '/home/it/Desktop/data_channel/libdatachannel/CMakeFiles/CMakeTmp'



Determining size of int32_t passed with the following output:
Change Dir: /home/it/Desktop/data_channel/libdatachannel/CMakeFiles/CMakeTmp

Run Build Command(s):/usr/bin/gmake -f Makefile cmTC_95b3a/fast && /usr/bin/gmake  -f CMakeFiles/cmTC_95b3a.dir/build.make CMakeFiles/cmTC_95b3a.dir/build
gmake[1]: Entering directory '/home/it/Desktop/data_channel/libdatachannel/CMakeFiles/CMakeTmp'
Building C object CMakeFiles/cmTC_95b3a.dir/INT32_T.c.o
/usr/bin/cc   -fPIE -o CMakeFiles/cmTC_95b3a.dir/INT32_T.c.o -c /home/it/Desktop/data_channel/libdatachannel/CMakeFiles/CheckTypeSize/INT32_T.c
Linking C executable cmTC_95b3a
/usr/bin/cmake -E cmake_link_script CMakeFiles/cmTC_95b3a.dir/link.txt --verbose=1
/usr/bin/cc CMakeFiles/cmTC_95b3a.dir/INT32_T.c.o -o cmTC_95b3a 
gmake[1]: Leaving directory '/home/it/Desktop/data_channel/libdatachannel/CMakeFiles/CMakeTmp'



Determining size of unsigned long passed with the following output:
Change Dir: /home/it/Desktop/data_channel/libdatachannel/CMakeFiles/CMakeTmp

Run Build Command(s):/usr/bin/gmake -f Makefile cmTC_5ef71/fast && /usr/bin/gmake  -f CMakeFiles/cmTC_5ef71.dir/build.make CMakeFiles/cmTC_5ef71.dir/build
gmake[1]: Entering directory '/home/it/Desktop/data_channel/libdatachannel/CMakeFiles/CMakeTmp'
Building C object CMakeFiles/cmTC_5ef71.dir/SIZEOF_UNSIGNED_LONG.c.o
/usr/bin/cc   -fPIE -o CMakeFiles/cmTC_5ef71.dir/SIZEOF_UNSIGNED_LONG.c.o -c /home/it/Desktop/data_channel/libdatachannel/CMakeFiles/CheckTypeSize/SIZEOF_UNSIGNED_LONG.c
Linking C executable cmTC_5ef71
/usr/bin/cmake -E cmake_link_script CMakeFiles/cmTC_5ef71.dir/link.txt --verbose=1
/usr/bin/cc CMakeFiles/cmTC_5ef71.dir/SIZEOF_UNSIGNED_LONG.c.o -o cmTC_5ef71 
gmake[1]: Leaving directory '/home/it/Desktop/data_channel/libdatachannel/CMakeFiles/CMakeTmp'



Determining size of unsigned long long passed with the following output:
Change Dir: /home/it/Desktop/data_channel/libdatachannel/CMakeFiles/CMakeTmp

Run Build Command(s):/usr/bin/gmake -f Makefile cmTC_629ad/fast && /usr/bin/gmake  -f CMakeFiles/cmTC_629ad.dir/build.make CMakeFiles/cmTC_629ad.dir/build
gmake[1]: Entering directory '/home/it/Desktop/data_channel/libdatachannel/CMakeFiles/CMakeTmp'
Building C object CMakeFiles/cmTC_629ad.dir/SIZEOF_UNSIGNED_LONG_LONG.c.o
/usr/bin/cc   -fPIE -o CMakeFiles/cmTC_629ad.dir/SIZEOF_UNSIGNED_LONG_LONG.c.o -c /home/it/Desktop/data_channel/libdatachannel/CMakeFiles/CheckTypeSize/SIZEOF_UNSIGNED_LONG_LONG.c
Linking C executable cmTC_629ad
/usr/bin/cmake -E cmake_link_script CMakeFiles/cmTC_629ad.dir/link.txt --verbose=1
/usr/bin/cc CMakeFiles/cmTC_629ad.dir/SIZEOF_UNSIGNED_LONG_LONG.c.o -o cmTC_629ad 
gmake[1]: Leaving directory '/home/it/Desktop/data_channel/libdatachannel/CMakeFiles/CMakeTmp'



Performing C SOURCE FILE Test HAVE_INLINE succeeded with the following output:
Change Dir: /home/it/Desktop/data_channel/libdatachannel/CMakeFiles/CMakeTmp

Run Build Command(s):/usr/bin/gmake -f Makefile cmTC_fdbe6/fast && /usr/bin/gmake  -f CMakeFiles/cmTC_fdbe6.dir/build.make CMakeFiles/cmTC_fdbe6.dir/build
gmake[1]: Entering directory '/home/it/Desktop/data_channel/libdatachannel/CMakeFiles/CMakeTmp'
Building C object CMakeFiles/cmTC_fdbe6.dir/src.c.o
/usr/bin/cc -DHAVE_INLINE  -fPIE -o CMakeFiles/cmTC_fdbe6.dir/src.c.o -c /home/it/Desktop/data_channel/libdatachannel/CMakeFiles/CMakeTmp/src.c
Linking C executable cmTC_fdbe6
/usr/bin/cmake -E cmake_link_script CMakeFiles/cmTC_fdbe6.dir/link.txt --verbose=1
/usr/bin/cc CMakeFiles/cmTC_fdbe6.dir/src.c.o -o cmTC_fdbe6 
gmake[1]: Leaving directory '/home/it/Desktop/data_channel/libdatachannel/CMakeFiles/CMakeTmp'


Source file was:
inline void func(); void func() { } int main() { func(); return 0; }
Performing C++ SOURCE FILE Test COMPILER_HAS_HIDDEN_VISIBILITY succeeded with the following output:
Change Dir: /home/it/Desktop/data_channel/libdatachannel/CMakeFiles/CMakeTmp

Run Build Command(s):/usr/bin/gmake -f Makefile cmTC_aa900/fast && /usr/bin/gmake  -f CMakeFiles/cmTC_aa900.dir/build.make CMakeFiles/cmTC_aa900.dir/build
gmake[1]: Entering directory '/home/it/Desktop/data_channel/libdatachannel/CMakeFiles/CMakeTmp'
Building CXX object CMakeFiles/cmTC_aa900.dir/src.cxx.o
/usr/bin/c++ -DCOMPILER_HAS_HIDDEN_VISIBILITY  -fPIE   -fvisibility=hidden -o CMakeFiles/cmTC_aa900.dir/src.cxx.o -c /home/it/Desktop/data_channel/libdatachannel/CMakeFiles/CMakeTmp/src.cxx
Linking CXX executable cmTC_aa900
/usr/bin/cmake -E cmake_link_script CMakeFiles/cmTC_aa900.dir/link.txt --verbose=1
/usr/bin/c++ CMakeFiles/cmTC_aa900.dir/src.cxx.o -o cmTC_aa900 
gmake[1]: Leaving directory '/home/it/Desktop/data_channel/libdatachannel/CMakeFiles/CMakeTmp'


Source file was:
int main() { return 0; }
Performing C++ SOURCE FILE Test COMPILER_HAS_HIDDEN_INLINE_VISIBILITY succeeded with the following output:
Change Dir: /home/it/Desktop/data_channel/libdatachannel/CMakeFiles/CMakeTmp

Run Build Command(s):/usr/bin/gmake -f Makefile cmTC_cce10/fast && /usr/bin/gmake  -f CMakeFiles/cmTC_cce10.dir/build.make CMakeFiles/cmTC_cce10.dir/build
gmake[1]: Entering directory '/home/it/Desktop/data_channel/libdatachannel/CMakeFiles/CMakeTmp'
Building CXX object CMakeFiles/cmTC_cce10.dir/src.cxx.o
/usr/bin/c++ -DCOMPILER_HAS_HIDDEN_INLINE_VISIBILITY  -fPIE   -fvisibility-inlines-hidden -o CMakeFiles/cmTC_cce10.dir/src.cxx.o -c /home/it/Desktop/data_channel/libdatachannel/CMakeFiles/CMakeTmp/src.cxx
Linking CXX executable cmTC_cce10
/usr/bin/cmake -E cmake_link_script CMakeFiles/cmTC_cce10.dir/link.txt --verbose=1
/usr/bin/c++ CMakeFiles/cmTC_cce10.dir/src.cxx.o -o cmTC_cce10 
gmake[1]: Leaving directory '/home/it/Desktop/data_channel/libdatachannel/CMakeFiles/CMakeTmp'


Source file was:
int main() { return 0; }
Performing C++ SOURCE FILE Test COMPILER_HAS_DEPRECATED_ATTR succeeded with the following output:
Change Dir: /home/it/Desktop/data_channel/libdatachannel/CMakeFiles/CMakeTmp

Run Build Command(s):/usr/bin/gmake -f Makefile cmTC_85fd5/fast && /usr/bin/gmake  -f CMakeFiles/cmTC_85fd5.dir/build.make CMakeFiles/cmTC_85fd5.dir/build
gmake[1]: Entering directory '/home/it/Desktop/data_channel/libdatachannel/CMakeFiles/CMakeTmp'
Building CXX object CMakeFiles/cmTC_85fd5.dir/src.cxx.o
/usr/bin/c++ -DCOMPILER_HAS_DEPRECATED_ATTR  -fPIE -o CMakeFiles/cmTC_85fd5.dir/src.cxx.o -c /home/it/Desktop/data_channel/libdatachannel/CMakeFiles/CMakeTmp/src.cxx
/home/it/Desktop/data_channel/libdatachannel/CMakeFiles/CMakeTmp/src.cxx: In function int main():
/home/it/Desktop/data_channel/libdatachannel/CMakeFiles/CMakeTmp/src.cxx:2:33: warning: int somefunc() is deprecated [-Wdeprecated-declarations]
    2 |     int main() { return somefunc();}
      |                         ~~~~~~~~^~
/home/it/Desktop/data_channel/libdatachannel/CMakeFiles/CMakeTmp/src.cxx:1:37: note: declared here
    1 | __attribute__((__deprecated__)) int somefunc() { return 0; }
      |                                     ^~~~~~~~
Linking CXX executable cmTC_85fd5
/usr/bin/cmake -E cmake_link_script CMakeFiles/cmTC_85fd5.dir/link.txt --verbose=1
/usr/bin/c++ CMakeFiles/cmTC_85fd5.dir/src.cxx.o -o cmTC_85fd5 
gmake[1]: Leaving directory '/home/it/Desktop/data_channel/libdatachannel/CMakeFiles/CMakeTmp'


Source file was:
__attribute__((__deprecated__)) int somefunc() { return 0; }
    int main() { return somefunc();}
